2023-11-24 15:07:07,715 [INFO] Activator:176 - 


2023-11-24 15:07:07,717 [INFO] Activator:177 - !SESSION log4j initialized
2023-11-24 15:07:10,007 [INFO] LogOutputStream:77 - [STDOUT_REDIRECT] 
2023-11-24 15:07:15,752 [INFO] ApplicationProperties:184 - Using Application install path: C:\ST\STM32CubeIDE_1.13.2\STM32CubeIDE\plugins\com.st.stm32cube.common.mx_6.9.2.202309101412
2023-11-24 15:07:15,819 [INFO] DbMcusXml:78 - Set database path to: C:\ST\STM32CubeIDE_1.13.2\STM32CubeIDE\plugins\com.st.stm32cube.common.mx_6.9.2.202309101412\\db\/mcu/
2023-11-24 15:07:15,820 [INFO] ApiDb:274 - Set plugin database path to: C:\ST\STM32CubeIDE_1.13.2\STM32CubeIDE\plugins\com.st.stm32cube.common.mx_6.9.2.202309101412\\db\/plugins/boardmanager/
2023-11-24 15:07:15,831 [WARN] ApiDb:259 - Overriding images path with different value:  => C:\ST\STM32CubeIDE_1.13.2\STM32CubeIDE\plugins\com.st.stm32cube.common.mx_6.9.2.202309101412\\db\/plugins/mcufinder/images/
2023-11-24 15:07:15,855 [INFO] ApiDb:250 - Set database path to: C:\Users\mokhw\.stmcufinder\plugins\mcufinder//mcu/
2023-11-24 15:07:15,859 [INFO] DbMcusAds:125 - Set database path to: C:\Users\mokhw\.stmcufinder\plugins\mcufinder//mcu/
2023-11-24 15:07:15,867 [INFO] CrossReferenceDbSqlite:203 - Set database path to: C:\Users\mokhw\.stmcufinder\plugins\mcufinder//mcu/cs/
2023-11-24 15:07:16,181 [INFO] RulesReader:64 - Compatibility file has been processed (293 Rules)
2023-11-24 15:07:16,387 [INFO] DbMcusXml:78 - Set database path to: C:\ST\STM32CubeIDE_1.13.2\STM32CubeIDE\plugins\com.st.stm32cube.common.mx_6.9.2.202309101412\\db\/mcu/
2023-11-24 15:07:16,388 [INFO] ApiDb:274 - Set plugin database path to: C:\ST\STM32CubeIDE_1.13.2\STM32CubeIDE\plugins\com.st.stm32cube.common.mx_6.9.2.202309101412\\db\/plugins/boardmanager/
2023-11-24 15:07:16,388 [INFO] ApiDb:261 - Set plugin images path to: C:\ST\STM32CubeIDE_1.13.2\STM32CubeIDE\plugins\com.st.stm32cube.common.mx_6.9.2.202309101412\\db\/plugins/mcufinder/images/
2023-11-24 15:07:16,389 [WARN] DbFile:41 - Overriding database path with different value: C:\Users\mokhw\.stmcufinder\plugins\mcufinder/ => C:\Users\mokhw\.stmcufinder\plugins\mcufinder
2023-11-24 15:07:16,389 [INFO] ApiDb:250 - Set database path to: C:\Users\mokhw\.stmcufinder\plugins\mcufinder//mcu/
2023-11-24 15:07:16,390 [WARN] DbFile:41 - Overriding database path with different value: C:\Users\mokhw\.stmcufinder\plugins\mcufinder/ => C:\Users\mokhw\.stmcufinder\plugins\mcufinder
2023-11-24 15:07:16,390 [INFO] DbMcusAds:125 - Set database path to: C:\Users\mokhw\.stmcufinder\plugins\mcufinder//mcu/
2023-11-24 15:07:16,390 [WARN] DbFile:41 - Overriding database path with different value: C:\Users\mokhw\.stmcufinder\plugins\mcufinder/ => C:\Users\mokhw\.stmcufinder\plugins\mcufinder
2023-11-24 15:07:16,390 [WARN] DbFile:41 - Overriding database path with different value: C:\Users\mokhw\.stmcufinder\plugins\mcufinder/ => C:\Users\mokhw\.stmcufinder\plugins\mcufinder
2023-11-24 15:07:16,391 [INFO] CrossReferenceDbSqlite:203 - Set database path to: C:\Users\mokhw\.stmcufinder\plugins\mcufinder//mcu/cs/
2023-11-24 15:07:16,629 [INFO] MainPanel:262 - HeapMemory: 268435456
2023-11-24 15:07:16,904 [INFO] DbMcusXml:78 - Set database path to: C:\ST\STM32CubeIDE_1.13.2\STM32CubeIDE\plugins\com.st.stm32cube.common.mx_6.9.2.202309101412\\db\/mcu/
2023-11-24 15:07:16,905 [INFO] ApiDb:274 - Set plugin database path to: C:\ST\STM32CubeIDE_1.13.2\STM32CubeIDE\plugins\com.st.stm32cube.common.mx_6.9.2.202309101412\\db\/plugins/boardmanager/
2023-11-24 15:07:16,905 [INFO] ApiDb:261 - Set plugin images path to: C:\ST\STM32CubeIDE_1.13.2\STM32CubeIDE\plugins\com.st.stm32cube.common.mx_6.9.2.202309101412\\db\/plugins/mcufinder/images/
2023-11-24 15:07:16,906 [WARN] DbFile:41 - Overriding database path with different value: C:\Users\mokhw\.stmcufinder\plugins\mcufinder/ => C:\Users\mokhw\.stmcufinder\plugins\mcufinder
2023-11-24 15:07:16,906 [INFO] ApiDb:250 - Set database path to: C:\Users\mokhw\.stmcufinder\plugins\mcufinder//mcu/
2023-11-24 15:07:16,906 [WARN] DbFile:41 - Overriding database path with different value: C:\Users\mokhw\.stmcufinder\plugins\mcufinder/ => C:\Users\mokhw\.stmcufinder\plugins\mcufinder
2023-11-24 15:07:16,907 [INFO] DbMcusAds:125 - Set database path to: C:\Users\mokhw\.stmcufinder\plugins\mcufinder//mcu/
2023-11-24 15:07:16,907 [WARN] DbFile:41 - Overriding database path with different value: C:\Users\mokhw\.stmcufinder\plugins\mcufinder/ => C:\Users\mokhw\.stmcufinder\plugins\mcufinder
2023-11-24 15:07:16,907 [WARN] DbFile:41 - Overriding database path with different value: C:\Users\mokhw\.stmcufinder\plugins\mcufinder/ => C:\Users\mokhw\.stmcufinder\plugins\mcufinder
2023-11-24 15:07:16,907 [INFO] CrossReferenceDbSqlite:203 - Set database path to: C:\Users\mokhw\.stmcufinder\plugins\mcufinder//mcu/cs/
2023-11-24 15:07:16,952 [INFO] ApplicationProperties:184 - Using Application install path: C:\ST\STM32CubeIDE_1.13.2\STM32CubeIDE\plugins\com.st.stm32cube.common.mx_6.9.2.202309101412
2023-11-24 15:07:16,957 [INFO] PluginManage:196 - Search for loadable plugins [exclusion list=, ]
2023-11-24 15:07:16,962 [INFO] PluginManage:310 - Check plugin analytics
2023-11-24 15:07:17,551 [INFO] AnalyticsPlugin:253 - Accepted Software Licenses: STM32CubeMX.6.9.2
2023-11-24 15:07:17,551 [INFO] AnalyticsPlugin:255 - Accepted CMSIS Pack Licenses: STMicroelectronics.X-CUBE-TOUCHGFX.4.22.1
2023-11-24 15:07:17,552 [INFO] AnalyticsPlugin:257 - Accepted Firmware Licenses: FW.F7.1.17.0
2023-11-24 15:07:17,559 [INFO] PluginManage:359 - Loaded plugin analytics (category:tool,tabindex:-1)
2023-11-24 15:07:17,560 [INFO] PluginManage:310 - Check plugin cadmodel
2023-11-24 15:07:17,571 [INFO] CADModel:105 - Init CAD model plugin
2023-11-24 15:07:17,571 [INFO] PluginManage:359 - Loaded plugin cadmodel (category:power,tabindex:5)
2023-11-24 15:07:17,572 [INFO] PluginManage:310 - Check plugin clock
2023-11-24 15:07:17,601 [INFO] PluginManage:359 - Loaded plugin clock (category:base,tabindex:2)
2023-11-24 15:07:17,601 [INFO] PluginManage:310 - Check plugin ddr
2023-11-24 15:07:17,610 [INFO] PluginManage:359 - Loaded plugin ddr (category:tool,tabindex:6)
2023-11-24 15:07:17,610 [INFO] PluginManage:310 - Check plugin filemanager
2023-11-24 15:07:18,056 [INFO] PluginManage:359 - Loaded plugin filemanager (category:base,tabindex:10)
2023-11-24 15:07:18,056 [INFO] PluginManage:310 - Check plugin ipmanager
2023-11-24 15:07:18,072 [INFO] PluginManage:359 - Loaded plugin ipmanager (category:base,tabindex:5)
2023-11-24 15:07:18,073 [INFO] PluginManage:310 - Check plugin lpbam
2023-11-24 15:07:18,092 [INFO] PluginManage:359 - Loaded plugin lpbam (category:base,tabindex:0)
2023-11-24 15:07:18,092 [INFO] PluginManage:310 - Check plugin memorymap
2023-11-24 15:07:18,138 [INFO] PluginManage:359 - Loaded plugin memorymap (category:base,tabindex:4)
2023-11-24 15:07:18,138 [INFO] PluginManage:310 - Check plugin pinoutandconfiguration
2023-11-24 15:07:18,171 [INFO] PluginManage:359 - Loaded plugin pinoutandconfiguration (category:base,tabindex:1)
2023-11-24 15:07:18,171 [INFO] PluginManage:310 - Check plugin pinoutconfig
2023-11-24 15:07:18,457 [WARN] SupportedApi:132 - Cannot load RTOS API schema: s4s-elt-must-match.1: The content of 'definitions' must match (annotation?, (simpleType | complexType)?, (unique | key | keyref)*)). A problem was found starting at: attribute.
2023-11-24 15:07:19,008 [INFO] PluginManage:359 - Loaded plugin pinoutconfig (category:base,tabindex:0)
2023-11-24 15:07:19,009 [INFO] PluginManage:310 - Check plugin power
2023-11-24 15:07:19,033 [INFO] PluginManage:359 - Loaded plugin power (category:power,tabindex:4)
2023-11-24 15:07:19,033 [INFO] PluginManage:310 - Check plugin projectmanager
2023-11-24 15:07:19,073 [INFO] PluginManage:359 - Loaded plugin projectmanager (category:projectmanager,tabindex:3)
2023-11-24 15:07:19,073 [INFO] PluginManage:310 - Check plugin thirdparty
2023-11-24 15:07:19,406 [WARN] IntegrityCheckThread:84 - waiting for thirdparty lock release [integrity check]
2023-11-24 15:07:19,406 [INFO] IntegrityCheckThread:86 - entering critical section [integrity check]
2023-11-24 15:07:19,407 [INFO] PluginManage:359 - Loaded plugin thirdparty (category:base,tabindex:-1)
2023-11-24 15:07:19,407 [INFO] PluginManage:310 - Check plugin tools
2023-11-24 15:07:19,409 [INFO] ThirdPartyUpdaterWithRetryManager:70 - Updater plugin not ready yet. [1/15]
2023-11-24 15:07:19,417 [INFO] PluginManage:359 - Loaded plugin tools (category:base,tabindex:7)
2023-11-24 15:07:19,417 [INFO] PluginManage:310 - Check plugin tutovideos
2023-11-24 15:07:20,145 [INFO] PluginManage:359 - Loaded plugin tutovideos (category:base,tabindex:-1)
2023-11-24 15:07:20,147 [INFO] PluginManage:310 - Check plugin updater
2023-11-24 15:07:20,173 [INFO] PluginManage:359 - Loaded plugin updater (category:base,tabindex:12)
2023-11-24 15:07:20,174 [INFO] PluginManage:310 - Check plugin userauth
2023-11-24 15:07:20,185 [INFO] UserAuth:113 - Init User Auth plugin
2023-11-24 15:07:20,185 [INFO] PluginManage:359 - Loaded plugin userauth (category:base,tabindex:14)
2023-11-24 15:07:20,187 [INFO] PluginManage:283 - PluginManage : Loaded plugins [17]
2023-11-24 15:07:20,811 [INFO] PinOutPanel:1499 - setPackage(No Configuration,No Configuration)
2023-11-24 15:07:21,104 [INFO] CADModel:165 - CPN selected for project level
2023-11-24 15:07:21,105 [INFO] CADModel:114 - Register for checkConnection events
2023-11-24 15:07:21,148 [INFO] IPUIPlugin:80 - create IPUIPlugin
2023-11-24 15:07:21,148 [INFO] PluginManager:220 - loadIPPluginJar : add adc
2023-11-24 15:07:21,154 [INFO] IPUIPlugin:80 - create IPUIPlugin
2023-11-24 15:07:21,154 [INFO] PluginManager:220 - loadIPPluginJar : add aes
2023-11-24 15:07:21,160 [INFO] IPUIPlugin:80 - create IPUIPlugin
2023-11-24 15:07:21,160 [INFO] PluginManager:220 - loadIPPluginJar : add can
2023-11-24 15:07:21,165 [INFO] IPUIPlugin:80 - create IPUIPlugin
2023-11-24 15:07:21,165 [INFO] PluginManager:220 - loadIPPluginJar : add comp
2023-11-24 15:07:21,172 [INFO] IPUIPlugin:80 - create IPUIPlugin
2023-11-24 15:07:21,172 [INFO] PluginManager:220 - loadIPPluginJar : add cryp
2023-11-24 15:07:21,179 [INFO] IPUIPlugin:80 - create IPUIPlugin
2023-11-24 15:07:21,179 [INFO] PluginManager:220 - loadIPPluginJar : add dfsdm
2023-11-24 15:07:21,192 [INFO] IPUIPlugin:80 - create IPUIPlugin
2023-11-24 15:07:21,193 [INFO] PluginManager:220 - loadIPPluginJar : add dma
2023-11-24 15:07:21,203 [INFO] IPUIPlugin:80 - create IPUIPlugin
2023-11-24 15:07:21,203 [INFO] PluginManager:220 - loadIPPluginJar : add dma3
2023-11-24 15:07:21,208 [INFO] IPUIPlugin:80 - create IPUIPlugin
2023-11-24 15:07:21,208 [INFO] PluginManager:220 - loadIPPluginJar : add fatfs
2023-11-24 15:07:21,222 [INFO] IPUIPlugin:80 - create IPUIPlugin
2023-11-24 15:07:21,222 [INFO] PluginManager:220 - loadIPPluginJar : add fmc
2023-11-24 15:07:21,237 [INFO] IPUIPlugin:80 - create IPUIPlugin
2023-11-24 15:07:21,237 [INFO] PluginManager:220 - loadIPPluginJar : add freertos
2023-11-24 15:07:21,241 [INFO] IPUIPlugin:80 - create IPUIPlugin
2023-11-24 15:07:21,241 [INFO] PluginManager:220 - loadIPPluginJar : add genericplugin
2023-11-24 15:07:21,247 [INFO] IPUIPlugin:80 - create IPUIPlugin
2023-11-24 15:07:21,247 [INFO] PluginManager:220 - loadIPPluginJar : add gfxmmu
2023-11-24 15:07:21,260 [INFO] IPUIPlugin:80 - create IPUIPlugin
2023-11-24 15:07:21,261 [INFO] PluginManager:220 - loadIPPluginJar : add gic
2023-11-24 15:07:21,270 [INFO] IPUIPlugin:80 - create IPUIPlugin
2023-11-24 15:07:21,270 [INFO] PluginManager:220 - loadIPPluginJar : add gpio
2023-11-24 15:07:21,277 [INFO] IPUIPlugin:80 - create IPUIPlugin
2023-11-24 15:07:21,278 [INFO] PluginManager:220 - loadIPPluginJar : add gtzc
2023-11-24 15:07:21,284 [INFO] IPUIPlugin:80 - create IPUIPlugin
2023-11-24 15:07:21,284 [INFO] PluginManager:220 - loadIPPluginJar : add hash
2023-11-24 15:07:21,289 [INFO] IPUIPlugin:80 - create IPUIPlugin
2023-11-24 15:07:21,290 [INFO] PluginManager:220 - loadIPPluginJar : add i2c
2023-11-24 15:07:21,299 [INFO] IPUIPlugin:80 - create IPUIPlugin
2023-11-24 15:07:21,301 [INFO] PluginManager:220 - loadIPPluginJar : add i2s
2023-11-24 15:07:21,308 [INFO] IPUIPlugin:80 - create IPUIPlugin
2023-11-24 15:07:21,308 [INFO] PluginManager:220 - loadIPPluginJar : add i3c
2023-11-24 15:07:21,320 [INFO] IPUIPlugin:80 - create IPUIPlugin
2023-11-24 15:07:21,320 [INFO] PluginManager:220 - loadIPPluginJar : add ipddr
2023-11-24 15:07:21,332 [INFO] IPUIPlugin:80 - create IPUIPlugin
2023-11-24 15:07:21,334 [INFO] PluginManager:220 - loadIPPluginJar : add linkedlist
2023-11-24 15:07:21,341 [INFO] IPUIPlugin:80 - create IPUIPlugin
2023-11-24 15:07:21,341 [INFO] PluginManager:220 - loadIPPluginJar : add lorawan
2023-11-24 15:07:21,345 [INFO] IPUIPlugin:80 - create IPUIPlugin
2023-11-24 15:07:21,346 [INFO] PluginManager:220 - loadIPPluginJar : add ltdc
2023-11-24 15:07:21,358 [INFO] IPUIPlugin:80 - create IPUIPlugin
2023-11-24 15:07:21,359 [INFO] PluginManager:220 - loadIPPluginJar : add mdma
2023-11-24 15:07:21,367 [INFO] IPUIPlugin:80 - create IPUIPlugin
2023-11-24 15:07:21,367 [INFO] PluginManager:220 - loadIPPluginJar : add nvic
2023-11-24 15:07:21,374 [INFO] IPUIPlugin:80 - create IPUIPlugin
2023-11-24 15:07:21,374 [INFO] PluginManager:220 - loadIPPluginJar : add opamp
2023-11-24 15:07:21,385 [INFO] IPUIPlugin:80 - create IPUIPlugin
2023-11-24 15:07:21,388 [INFO] PluginManager:220 - loadIPPluginJar : add openamp
2023-11-24 15:07:21,395 [INFO] IPUIPlugin:80 - create IPUIPlugin
2023-11-24 15:07:21,397 [INFO] PluginManager:220 - loadIPPluginJar : add pdm2pcm
2023-11-24 15:07:21,413 [INFO] IPUIPlugin:80 - create IPUIPlugin
2023-11-24 15:07:21,425 [INFO] PluginManager:220 - loadIPPluginJar : add plateformsettings
2023-11-24 15:07:21,430 [INFO] IPUIPlugin:80 - create IPUIPlugin
2023-11-24 15:07:21,430 [INFO] PluginManager:220 - loadIPPluginJar : add quadspi
2023-11-24 15:07:21,440 [INFO] IPUIPlugin:80 - create IPUIPlugin
2023-11-24 15:07:21,441 [INFO] PluginManager:220 - loadIPPluginJar : add resmgrutility
2023-11-24 15:07:21,449 [INFO] IPUIPlugin:80 - create IPUIPlugin
2023-11-24 15:07:21,449 [INFO] PluginManager:220 - loadIPPluginJar : add sai
2023-11-24 15:07:21,454 [INFO] IPUIPlugin:80 - create IPUIPlugin
2023-11-24 15:07:21,454 [INFO] PluginManager:220 - loadIPPluginJar : add spi
2023-11-24 15:07:21,467 [INFO] IPUIPlugin:80 - create IPUIPlugin
2023-11-24 15:07:21,467 [INFO] PluginManager:220 - loadIPPluginJar : add stm32_wpan
2023-11-24 15:07:21,471 [INFO] IPUIPlugin:80 - create IPUIPlugin
2023-11-24 15:07:21,471 [INFO] PluginManager:220 - loadIPPluginJar : add tim
2023-11-24 15:07:21,481 [INFO] IPUIPlugin:80 - create IPUIPlugin
2023-11-24 15:07:21,481 [INFO] PluginManager:220 - loadIPPluginJar : add touchsensing
2023-11-24 15:07:21,487 [INFO] IPUIPlugin:80 - create IPUIPlugin
2023-11-24 15:07:21,487 [INFO] PluginManager:220 - loadIPPluginJar : add tracer_emb
2023-11-24 15:07:21,494 [INFO] IPUIPlugin:80 - create IPUIPlugin
2023-11-24 15:07:21,494 [INFO] PluginManager:220 - loadIPPluginJar : add ts
2023-11-24 15:07:21,498 [INFO] IPUIPlugin:80 - create IPUIPlugin
2023-11-24 15:07:21,498 [INFO] PluginManager:220 - loadIPPluginJar : add tsc
2023-11-24 15:07:21,503 [INFO] IPUIPlugin:80 - create IPUIPlugin
2023-11-24 15:07:21,504 [INFO] PluginManager:220 - loadIPPluginJar : add ucpd
2023-11-24 15:07:21,510 [INFO] IPUIPlugin:80 - create IPUIPlugin
2023-11-24 15:07:21,511 [INFO] PluginManager:220 - loadIPPluginJar : add usart
2023-11-24 15:07:21,520 [INFO] IPUIPlugin:80 - create IPUIPlugin
2023-11-24 15:07:21,520 [INFO] PluginManager:220 - loadIPPluginJar : add usbx
2023-11-24 15:07:21,774 [INFO] CADModel:165 - CPN selected for project level
2023-11-24 15:07:21,775 [INFO] CADModel:114 - Register for checkConnection events
2023-11-24 15:07:21,776 [FATAL] Updater:308 - Updater called before beeing initialized
2023-11-24 15:07:21,776 [ERROR] CADModel:125 - Updater not yet initialized, retry later 
2023-11-24 15:07:22,158 [INFO] CADModel:165 - CPN selected for project level
2023-11-24 15:07:22,159 [INFO] CADModel:114 - Register for checkConnection events
2023-11-24 15:07:22,159 [FATAL] Updater:308 - Updater called before beeing initialized
2023-11-24 15:07:22,159 [ERROR] CADModel:125 - Updater not yet initialized, retry later 
2023-11-24 15:07:22,167 [FATAL] Updater:308 - Updater called before beeing initialized
2023-11-24 15:07:22,374 [FATAL] Updater:308 - Updater called before beeing initialized
2023-11-24 15:07:22,402 [INFO] DbMcusAds:53 - JSON generation date=Tue Mar 07 17:50:55 KST 2023 (1678179055335)
2023-11-24 15:07:22,403 [FATAL] Updater:308 - Updater called before beeing initialized
2023-11-24 15:07:22,410 [INFO] ThirdPartyUpdaterWithRetryManager:70 - Updater plugin not ready yet. [2/15]
2023-11-24 15:07:22,480 [WARN] DetailPanel:346 - Failed to get advertising image, set to default
2023-11-24 15:07:22,718 [FATAL] Updater:308 - Updater called before beeing initialized
2023-11-24 15:07:22,725 [FATAL] Updater:308 - Updater called before beeing initialized
2023-11-24 15:07:22,725 [FATAL] Updater:308 - Updater called before beeing initialized
2023-11-24 15:07:22,725 [WARN] DetailPanel:346 - Failed to get advertising image, set to default
2023-11-24 15:07:22,726 [FATAL] Updater:308 - Updater called before beeing initialized
2023-11-24 15:07:22,854 [ERROR] Updater:1120 - MainUpdater not yet initialized. External WinMGr cannot be set.
2023-11-24 15:07:22,864 [INFO] Updater:1056 - Updater Version found : 6.9.2
2023-11-24 15:07:22,924 [INFO] ApplicationProperties:184 - Using Application install path: C:\ST\STM32CubeIDE_1.13.2\STM32CubeIDE\plugins\com.st.stm32cube.common.mx_6.9.2.202309101412
2023-11-24 15:07:23,307 [INFO] MainUpdater:2868 - connection check result : 10
2023-11-24 15:07:23,309 [INFO] MainUpdater:285 - Updater Check For Update Now.
2023-11-24 15:07:23,310 [INFO] MicroXplorer:498 - Change Database Version : DB.6.0.92
2023-11-24 15:07:23,335 [INFO] McuFinderGlobals:63 - Set McuFinder mode to 2 (CubeIDE integrated)
2023-11-24 15:07:23,335 [INFO] UserAuth:179 - activating auth plugin
2023-11-24 15:07:23,347 [INFO] UserAuth:393 - Internet connection configuration mode: 1
2023-11-24 15:07:23,386 [INFO] JxBrowserEngine:151 - Initiate JxBrowser Engine with user profile folder
2023-11-24 15:07:23,551 [INFO] CheckServerUpdateThread:120 - End of CheckServer Thread
2023-11-24 15:07:25,751 [WARN] PackLoader:240 - Cannot read IP mode file for STMicroelectronics.X-CUBE-SMBUS.2.1.0
2023-11-24 15:07:25,819 [WARN] PackLoader:240 - Cannot read IP mode file for STMicroelectronics.X-CUBE-AZRTOS-F7.1.1.0
2023-11-24 15:07:25,842 [WARN] PackLoader:240 - Cannot read IP mode file for STMicroelectronics.FP-SNS-MOTENV1.4.3.2
2023-11-24 15:07:25,852 [WARN] PackLoader:240 - Cannot read IP mode file for STMicroelectronics.FP-SNS-FLIGHT1.5.0.2
2023-11-24 15:07:25,866 [WARN] PackLoader:240 - Cannot read IP mode file for STMicroelectronics.X-CUBE-DISPLAY.3.0.0
2023-11-24 15:07:25,893 [WARN] PackLoader:240 - Cannot read IP mode file for STMicroelectronics.X-CUBE-BLE1.7.0.0
2023-11-24 15:07:25,901 [WARN] PackLoader:240 - Cannot read IP mode file for emotas.I-CUBE-CANOPEN.1.3.0
2023-11-24 15:07:25,912 [WARN] PackLoader:240 - Cannot read IP mode file for STMicroelectronics.X-CUBE-TOUCHGFX.4.22.1
2023-11-24 15:07:25,923 [INFO] WebApp:157 - Instantiating new browser for Auth
2023-11-24 15:07:26,146 [WARN] PackLoader:240 - Cannot read IP mode file for STMicroelectronics.FP-SNS-SMARTAG2.1.2.0
2023-11-24 15:07:26,181 [INFO] LogOutputStream:77 - [STDOUT_REDIRECT] 1 : Invalid condition id : UX_CORESTACK_Condition cause : null
2023-11-24 15:07:26,183 [INFO] LogOutputStream:77 - [STDOUT_REDIRECT] 1 : Invalid condition id : UX_CORESTACK_Condition cause : null
2023-11-24 15:07:26,185 [INFO] LogOutputStream:77 - [STDOUT_REDIRECT] 1 : Invalid condition id : UX_CORESTACK_Condition cause : null
2023-11-24 15:07:26,190 [INFO] LogOutputStream:77 - [STDOUT_REDIRECT] 1 : Invalid condition id : UX_CORESTACK_Condition cause : null
2023-11-24 15:07:26,194 [INFO] LogOutputStream:77 - [STDOUT_REDIRECT] 1 : Invalid condition id : UX_CORESTACK_Condition cause : null
2023-11-24 15:07:26,198 [WARN] PackLoader:240 - Cannot read IP mode file for STMicroelectronics.X-CUBE-AZRTOS-WL.2.0.0
2023-11-24 15:07:26,225 [WARN] PackLoader:240 - Cannot read IP mode file for WES.I-CUBE-Cesium.1.3.0
2023-11-24 15:07:26,248 [WARN] PackLoader:240 - Cannot read IP mode file for STMicroelectronics.X-CUBE-BLE2.3.3.0
2023-11-24 15:07:26,263 [WARN] PackLoader:240 - Cannot read IP mode file for STMicroelectronics.X-CUBE-ALGOBUILD.1.3.0
2023-11-24 15:07:26,309 [WARN] PackLoader:240 - Cannot read IP mode file for STMicroelectronics.X-CUBE-AZRTOS-G0.1.1.0
2023-11-24 15:07:26,326 [WARN] PackLoader:240 - Cannot read IP mode file for STMicroelectronics.X-CUBE-NFC4.3.0.0
2023-11-24 15:07:26,338 [WARN] PackLoader:240 - Cannot read IP mode file for STMicroelectronics.X-CUBE-BLEMGR.3.0.0
2023-11-24 15:07:26,348 [WARN] PackLoader:240 - Cannot read IP mode file for STMicroelectronics.FP-ATR-SIGFOX1.3.2.0
2023-11-24 15:07:26,354 [WARN] PackLoader:240 - Cannot read IP mode file for STMicroelectronics.X-CUBE-GNSS1.6.0.0
2023-11-24 15:07:26,378 [WARN] PackLoader:240 - Cannot read IP mode file for STMicroelectronics.X-CUBE-AZRTOS-F4.1.1.0
2023-11-24 15:07:26,403 [WARN] PackLoader:240 - Cannot read IP mode file for wolfSSL.I-CUBE-wolfSSL.5.6.4
2023-11-24 15:07:26,427 [WARN] PackLoader:240 - Cannot read IP mode file for STMicroelectronics.X-CUBE-AZRTOS-L5.2.0.0
2023-11-24 15:07:26,440 [WARN] PackLoader:240 - Cannot read IP mode file for STMicroelectronics.X-CUBE-EEPRMA1.4.2.0
2023-11-24 15:07:26,453 [WARN] PackLoader:240 - Cannot read IP mode file for ITTIA_DB.I-CUBE-ITTIADB.8.8.0
2023-11-24 15:07:26,480 [WARN] ConditionMgr:438 - getConditionDescription Invalid condition id : UX DEVICE CLASS RTOS Condition cause : null
2023-11-24 15:07:26,481 [WARN] ConditionMgr:438 - getConditionDescription Invalid condition id : UX DEVICE CLASS RTOS Condition cause : null
2023-11-24 15:07:26,493 [WARN] PackLoader:240 - Cannot read IP mode file for STMicroelectronics.X-CUBE-AZRTOS-H7.3.1.0
2023-11-24 15:07:26,494 [WARN] ConditionMgr:1039 - genDependencies : Invalid condition id : UX DEVICE CLASS RTOS Condition cause : null
2023-11-24 15:07:26,495 [WARN] ConditionMgr:1039 - genDependencies : Invalid condition id : UX DEVICE CLASS RTOS Condition cause : null
2023-11-24 15:07:26,496 [WARN] ConditionMgr:1039 - genDependencies : Invalid condition id : UX DEVICE CLASS RTOS Condition cause : null
2023-11-24 15:07:26,496 [WARN] ConditionMgr:1039 - genDependencies : Invalid condition id : UX DEVICE CLASS RTOS Condition cause : null
2023-11-24 15:07:26,496 [WARN] ConditionMgr:1039 - genDependencies : Invalid condition id : UX DEVICE CLASS RTOS Condition cause : null
2023-11-24 15:07:26,511 [WARN] PackLoader:240 - Cannot read IP mode file for STMicroelectronics.X-CUBE-NFC7.1.0.1
2023-11-24 15:07:26,526 [WARN] PackLoader:240 - Cannot read IP mode file for STMicroelectronics.X-CUBE-NFC6.3.0.0
2023-11-24 15:07:26,536 [WARN] PackLoader:240 - Cannot read IP mode file for STMicroelectronics.X-CUBE-AI.8.1.0
2023-11-24 15:07:26,580 [WARN] ConditionMgr:438 - getConditionDescription Invalid condition id : LAN8742 Phy interface Condition cause : null
2023-11-24 15:07:26,582 [WARN] PackLoader:240 - Cannot read IP mode file for STMicroelectronics.X-CUBE-AZRTOS-L4.2.0.0
2023-11-24 15:07:26,584 [WARN] ConditionMgr:1039 - genDependencies : Invalid condition id : LAN8742 Phy interface Condition cause : null
2023-11-24 15:07:26,585 [WARN] ConditionMgr:1039 - genDependencies : Invalid condition id : LAN8742 Phy interface Condition cause : null
2023-11-24 15:07:26,603 [WARN] ConditionMgr:1039 - genDependencies : Invalid condition id : LAN8742 Phy interface Condition cause : null
2023-11-24 15:07:26,621 [WARN] PackLoader:240 - Cannot read IP mode file for STMicroelectronics.X-CUBE-SFXS2LP1.4.0.0
2023-11-24 15:07:26,643 [WARN] PackLoader:240 - Cannot read IP mode file for STMicroelectronics.X-CUBE-ISPU.1.1.0
2023-11-24 15:07:26,676 [WARN] ConditionMgr:438 - getConditionDescription Invalid condition id : UX DEVICE CLASS RTOS Condition cause : null
2023-11-24 15:07:26,677 [WARN] ConditionMgr:438 - getConditionDescription Invalid condition id : UX DEVICE CLASS RTOS Condition cause : null
2023-11-24 15:07:26,681 [WARN] PackLoader:240 - Cannot read IP mode file for STMicroelectronics.X-CUBE-AZRTOS-WB.2.0.0
2023-11-24 15:07:26,682 [WARN] ConditionMgr:1039 - genDependencies : Invalid condition id : UX DEVICE CLASS RTOS Condition cause : null
2023-11-24 15:07:26,682 [WARN] ConditionMgr:1039 - genDependencies : Invalid condition id : UX DEVICE CLASS RTOS Condition cause : null
2023-11-24 15:07:26,683 [WARN] ConditionMgr:1039 - genDependencies : Invalid condition id : UX DEVICE CLASS RTOS Condition cause : null
2023-11-24 15:07:26,683 [WARN] ConditionMgr:1039 - genDependencies : Invalid condition id : UX DEVICE CLASS RTOS Condition cause : null
2023-11-24 15:07:26,684 [WARN] ConditionMgr:1039 - genDependencies : Invalid condition id : UX DEVICE CLASS RTOS Condition cause : null
2023-11-24 15:07:26,709 [WARN] PackLoader:240 - Cannot read IP mode file for STMicroelectronics.X-CUBE-SUBG2.5.0.0
2023-11-24 15:07:26,742 [WARN] PackLoader:240 - Cannot read IP mode file for STMicroelectronics.X-CUBE-TOF1.3.3.1
2023-11-24 15:07:26,779 [WARN] PackLoader:240 - Cannot read IP mode file for STMicroelectronics.X-CUBE-AZRTOS-G4.2.0.0
2023-11-24 15:07:26,801 [WARN] PackLoader:240 - Cannot read IP mode file for Infineon.AIROC-Wi-Fi-Bluetooth-STM32.1.5.1
2023-11-24 15:07:26,812 [WARN] PackLoader:240 - Cannot read IP mode file for STMicroelectronics.FP-SNS-MOTENVWB1.1.3.0
2023-11-24 15:07:26,880 [WARN] PackLoader:240 - Cannot read IP mode file for STMicroelectronics.X-CUBE-MEMS1.10.0.0
2023-11-24 15:07:27,119 [WARN] PackLoader:240 - Cannot read IP mode file for STMicroelectronics.X-CUBE-FREERTOS.1.1.0
2023-11-24 15:07:27,127 [WARN] PackLoader:240 - Cannot read IP mode file for portGmbH.I-Cube-SoM-uGOAL.1.1.0
2023-11-24 15:07:27,133 [WARN] PackLoader:240 - Cannot read IP mode file for STMicroelectronics.X-CUBE-ALS.1.0.1
2023-11-24 15:07:27,139 [WARN] PackLoader:240 - Cannot read IP mode file for STMicroelectronics.FP-ATR-ASTRA1.2.0.0
2023-11-24 15:07:27,141 [INFO] ThirdParty:978 - Integrity check success = true
2023-11-24 15:07:27,141 [INFO] IntegrityCheckThread:100 - exiting critical section [integrity check]
2023-11-24 15:07:27,142 [INFO] IntegrityCheckThread:103 - End integrity checks thread
2023-11-24 15:07:28,946 [INFO] WebApp:753 - Register for checkConnection events
2023-11-24 15:07:28,947 [INFO] WebApp:390 - Apply proxy settings
2023-11-24 15:07:28,947 [INFO] WebApp:475 - Chromium requires no authentication
2023-11-24 15:07:28,971 [INFO] WebApp:418 - Direct internet connection detected
2023-11-24 15:07:30,151 [INFO] WebApp:188 - Starting web application
2023-11-24 15:07:30,152 [INFO] WebApp:520 - Web application path used C:\ST\STM32CubeIDE_1.13.2\STM32CubeIDE\plugins\com.st.stm32cube.common.mx_6.9.2.202309101412\db\plugins\mcufinder\reactClient1\index.html
2023-11-24 15:07:51,338 [ERROR] LogOutputStream:75 - [STDERR_REDIRECT] SLF4J: Failed to load class "org.slf4j.impl.StaticLoggerBinder".
2023-11-24 15:07:51,339 [ERROR] LogOutputStream:75 - [STDERR_REDIRECT] SLF4J: Defaulting to no-operation (NOP) logger implementation
2023-11-24 15:07:51,342 [ERROR] LogOutputStream:75 - [STDERR_REDIRECT] SLF4J: See http://www.slf4j.org/codes.html#StaticLoggerBinder for further details.
2023-11-24 15:09:13,528 [INFO] LogOutputStream:77 - [STDOUT_REDIRECT] Unexpected error loading extension: org.eclipse.equinox.p2.metadata.repository.XZedRepository
2023-11-24 15:09:13,532 [ERROR] LogOutputStream:75 - [STDERR_REDIRECT] java.lang.IllegalStateException: Attempt to access stopped agent: org.eclipse.equinox.internal.p2.core.ProvisioningAgent@88baa64
2023-11-24 15:09:13,535 [ERROR] LogOutputStream:75 - [STDERR_REDIRECT] 	at org.eclipse.equinox.internal.p2.core.ProvisioningAgent.checkRunning(ProvisioningAgent.java:86)
2023-11-24 15:09:13,540 [ERROR] LogOutputStream:75 - [STDERR_REDIRECT] 	at org.eclipse.equinox.internal.p2.core.ProvisioningAgent.getService(ProvisioningAgent.java:50)
2023-11-24 15:09:13,543 [ERROR] LogOutputStream:75 - [STDERR_REDIRECT] 	at org.eclipse.equinox.p2.core.IProvisioningAgent.getService(IProvisioningAgent.java:86)
2023-11-24 15:09:13,549 [ERROR] LogOutputStream:75 - [STDERR_REDIRECT] 	at org.eclipse.equinox.internal.p2.metadata.repository.LocalMetadataRepository.publishRepositoryReferences(LocalMetadataRepository.java:178)
2023-11-24 15:09:13,553 [ERROR] LogOutputStream:75 - [STDERR_REDIRECT] 	at org.eclipse.equinox.internal.p2.metadata.repository.LocalMetadataRepository.initialize(LocalMetadataRepository.java:171)
2023-11-24 15:09:13,558 [ERROR] LogOutputStream:75 - [STDERR_REDIRECT] 	at org.eclipse.equinox.internal.p2.metadata.repository.MetadataRepositoryIO$Parser$RepositoryHandler.finished(MetadataRepositoryIO.java:334)
2023-11-24 15:09:13,562 [ERROR] LogOutputStream:75 - [STDERR_REDIRECT] 	at org.eclipse.equinox.internal.p2.persistence.XMLParser$AbstractHandler.endElement(XMLParser.java:174)
2023-11-24 15:09:13,565 [ERROR] LogOutputStream:75 - [STDERR_REDIRECT] 	at java.xml/com.sun.org.apache.xerces.internal.parsers.AbstractSAXParser.endElement(AbstractSAXParser.java:618)
2023-11-24 15:09:13,570 [ERROR] LogOutputStream:75 - [STDERR_REDIRECT] 	at java.xml/com.sun.org.apache.xerces.internal.impl.XMLDocumentFragmentScannerImpl.scanEndElement(XMLDocumentFragmentScannerImpl.java:1728)
2023-11-24 15:09:13,574 [ERROR] LogOutputStream:75 - [STDERR_REDIRECT] 	at java.xml/com.sun.org.apache.xerces.internal.impl.XMLDocumentFragmentScannerImpl$FragmentContentDriver.next(XMLDocumentFragmentScannerImpl.java:2899)
2023-11-24 15:09:13,579 [ERROR] LogOutputStream:75 - [STDERR_REDIRECT] 	at java.xml/com.sun.org.apache.xerces.internal.impl.XMLDocumentScannerImpl.next(XMLDocumentScannerImpl.java:605)
2023-11-24 15:11:36,268 [INFO] Activator:176 - 


2023-11-24 15:11:36,271 [INFO] Activator:177 - !SESSION log4j initialized
2023-11-24 15:11:41,112 [INFO] LogOutputStream:77 - [STDOUT_REDIRECT] 
2023-11-24 15:11:43,872 [INFO] ApplicationProperties:184 - Using Application install path: C:\ST\STM32CubeIDE_1.13.2\STM32CubeIDE\plugins\com.st.stm32cube.common.mx_6.9.2.202309101412
2023-11-24 15:11:43,924 [INFO] DbMcusXml:78 - Set database path to: C:\ST\STM32CubeIDE_1.13.2\STM32CubeIDE\plugins\com.st.stm32cube.common.mx_6.9.2.202309101412\\db\/mcu/
2023-11-24 15:11:43,925 [INFO] ApiDb:274 - Set plugin database path to: C:\ST\STM32CubeIDE_1.13.2\STM32CubeIDE\plugins\com.st.stm32cube.common.mx_6.9.2.202309101412\\db\/plugins/boardmanager/
2023-11-24 15:11:43,925 [WARN] ApiDb:259 - Overriding images path with different value:  => C:\ST\STM32CubeIDE_1.13.2\STM32CubeIDE\plugins\com.st.stm32cube.common.mx_6.9.2.202309101412\\db\/plugins/mcufinder/images/
2023-11-24 15:11:43,957 [INFO] ApiDb:250 - Set database path to: C:\Users\mokhw\.stmcufinder\plugins\mcufinder//mcu/
2023-11-24 15:11:43,965 [INFO] DbMcusAds:125 - Set database path to: C:\Users\mokhw\.stmcufinder\plugins\mcufinder//mcu/
2023-11-24 15:11:43,973 [INFO] CrossReferenceDbSqlite:203 - Set database path to: C:\Users\mokhw\.stmcufinder\plugins\mcufinder//mcu/cs/
2023-11-24 15:11:44,271 [INFO] RulesReader:64 - Compatibility file has been processed (293 Rules)
2023-11-24 15:11:44,515 [INFO] DbMcusXml:78 - Set database path to: C:\ST\STM32CubeIDE_1.13.2\STM32CubeIDE\plugins\com.st.stm32cube.common.mx_6.9.2.202309101412\\db\/mcu/
2023-11-24 15:11:44,515 [INFO] ApiDb:274 - Set plugin database path to: C:\ST\STM32CubeIDE_1.13.2\STM32CubeIDE\plugins\com.st.stm32cube.common.mx_6.9.2.202309101412\\db\/plugins/boardmanager/
2023-11-24 15:11:44,517 [INFO] ApiDb:261 - Set plugin images path to: C:\ST\STM32CubeIDE_1.13.2\STM32CubeIDE\plugins\com.st.stm32cube.common.mx_6.9.2.202309101412\\db\/plugins/mcufinder/images/
2023-11-24 15:11:44,517 [WARN] DbFile:41 - Overriding database path with different value: C:\Users\mokhw\.stmcufinder\plugins\mcufinder/ => C:\Users\mokhw\.stmcufinder\plugins\mcufinder
2023-11-24 15:11:44,518 [INFO] ApiDb:250 - Set database path to: C:\Users\mokhw\.stmcufinder\plugins\mcufinder//mcu/
2023-11-24 15:11:44,518 [WARN] DbFile:41 - Overriding database path with different value: C:\Users\mokhw\.stmcufinder\plugins\mcufinder/ => C:\Users\mokhw\.stmcufinder\plugins\mcufinder
2023-11-24 15:11:44,518 [INFO] DbMcusAds:125 - Set database path to: C:\Users\mokhw\.stmcufinder\plugins\mcufinder//mcu/
2023-11-24 15:11:44,518 [WARN] DbFile:41 - Overriding database path with different value: C:\Users\mokhw\.stmcufinder\plugins\mcufinder/ => C:\Users\mokhw\.stmcufinder\plugins\mcufinder
2023-11-24 15:11:44,518 [WARN] DbFile:41 - Overriding database path with different value: C:\Users\mokhw\.stmcufinder\plugins\mcufinder/ => C:\Users\mokhw\.stmcufinder\plugins\mcufinder
2023-11-24 15:11:44,519 [INFO] CrossReferenceDbSqlite:203 - Set database path to: C:\Users\mokhw\.stmcufinder\plugins\mcufinder//mcu/cs/
2023-11-24 15:11:44,774 [INFO] MainPanel:262 - HeapMemory: 268435456
2023-11-24 15:11:45,065 [INFO] DbMcusXml:78 - Set database path to: C:\ST\STM32CubeIDE_1.13.2\STM32CubeIDE\plugins\com.st.stm32cube.common.mx_6.9.2.202309101412\\db\/mcu/
2023-11-24 15:11:45,065 [INFO] ApiDb:274 - Set plugin database path to: C:\ST\STM32CubeIDE_1.13.2\STM32CubeIDE\plugins\com.st.stm32cube.common.mx_6.9.2.202309101412\\db\/plugins/boardmanager/
2023-11-24 15:11:45,065 [INFO] ApiDb:261 - Set plugin images path to: C:\ST\STM32CubeIDE_1.13.2\STM32CubeIDE\plugins\com.st.stm32cube.common.mx_6.9.2.202309101412\\db\/plugins/mcufinder/images/
2023-11-24 15:11:45,068 [WARN] DbFile:41 - Overriding database path with different value: C:\Users\mokhw\.stmcufinder\plugins\mcufinder/ => C:\Users\mokhw\.stmcufinder\plugins\mcufinder
2023-11-24 15:11:45,069 [INFO] ApiDb:250 - Set database path to: C:\Users\mokhw\.stmcufinder\plugins\mcufinder//mcu/
2023-11-24 15:11:45,069 [WARN] DbFile:41 - Overriding database path with different value: C:\Users\mokhw\.stmcufinder\plugins\mcufinder/ => C:\Users\mokhw\.stmcufinder\plugins\mcufinder
2023-11-24 15:11:45,069 [INFO] DbMcusAds:125 - Set database path to: C:\Users\mokhw\.stmcufinder\plugins\mcufinder//mcu/
2023-11-24 15:11:45,069 [WARN] DbFile:41 - Overriding database path with different value: C:\Users\mokhw\.stmcufinder\plugins\mcufinder/ => C:\Users\mokhw\.stmcufinder\plugins\mcufinder
2023-11-24 15:11:45,069 [WARN] DbFile:41 - Overriding database path with different value: C:\Users\mokhw\.stmcufinder\plugins\mcufinder/ => C:\Users\mokhw\.stmcufinder\plugins\mcufinder
2023-11-24 15:11:45,069 [INFO] CrossReferenceDbSqlite:203 - Set database path to: C:\Users\mokhw\.stmcufinder\plugins\mcufinder//mcu/cs/
2023-11-24 15:11:45,136 [INFO] ApplicationProperties:184 - Using Application install path: C:\ST\STM32CubeIDE_1.13.2\STM32CubeIDE\plugins\com.st.stm32cube.common.mx_6.9.2.202309101412
2023-11-24 15:11:45,141 [INFO] PluginManage:196 - Search for loadable plugins [exclusion list=, ]
2023-11-24 15:11:45,146 [INFO] PluginManage:310 - Check plugin analytics
2023-11-24 15:11:45,665 [INFO] AnalyticsPlugin:253 - Accepted Software Licenses: STM32CubeMX.6.9.2
2023-11-24 15:11:45,665 [INFO] AnalyticsPlugin:255 - Accepted CMSIS Pack Licenses: STMicroelectronics.X-CUBE-TOUCHGFX.4.22.1
2023-11-24 15:11:45,666 [INFO] AnalyticsPlugin:257 - Accepted Firmware Licenses: FW.F7.1.17.0
2023-11-24 15:11:45,673 [INFO] PluginManage:359 - Loaded plugin analytics (category:tool,tabindex:-1)
2023-11-24 15:11:45,673 [INFO] PluginManage:310 - Check plugin cadmodel
2023-11-24 15:11:45,683 [INFO] CADModel:105 - Init CAD model plugin
2023-11-24 15:11:45,684 [INFO] PluginManage:359 - Loaded plugin cadmodel (category:power,tabindex:5)
2023-11-24 15:11:45,684 [INFO] PluginManage:310 - Check plugin clock
2023-11-24 15:11:45,713 [INFO] PluginManage:359 - Loaded plugin clock (category:base,tabindex:2)
2023-11-24 15:11:45,714 [INFO] PluginManage:310 - Check plugin ddr
2023-11-24 15:11:45,718 [INFO] PluginManage:359 - Loaded plugin ddr (category:tool,tabindex:6)
2023-11-24 15:11:45,718 [INFO] PluginManage:310 - Check plugin filemanager
2023-11-24 15:11:46,082 [INFO] PluginManage:359 - Loaded plugin filemanager (category:base,tabindex:10)
2023-11-24 15:11:46,083 [INFO] PluginManage:310 - Check plugin ipmanager
2023-11-24 15:11:46,099 [INFO] PluginManage:359 - Loaded plugin ipmanager (category:base,tabindex:5)
2023-11-24 15:11:46,099 [INFO] PluginManage:310 - Check plugin lpbam
2023-11-24 15:11:46,117 [INFO] PluginManage:359 - Loaded plugin lpbam (category:base,tabindex:0)
2023-11-24 15:11:46,117 [INFO] PluginManage:310 - Check plugin memorymap
2023-11-24 15:11:46,166 [INFO] PluginManage:359 - Loaded plugin memorymap (category:base,tabindex:4)
2023-11-24 15:11:46,167 [INFO] PluginManage:310 - Check plugin pinoutandconfiguration
2023-11-24 15:11:46,192 [INFO] PluginManage:359 - Loaded plugin pinoutandconfiguration (category:base,tabindex:1)
2023-11-24 15:11:46,192 [INFO] PluginManage:310 - Check plugin pinoutconfig
2023-11-24 15:11:46,460 [WARN] SupportedApi:132 - Cannot load RTOS API schema: s4s-elt-must-match.1: The content of 'definitions' must match (annotation?, (simpleType | complexType)?, (unique | key | keyref)*)). A problem was found starting at: attribute.
2023-11-24 15:11:47,095 [INFO] PluginManage:359 - Loaded plugin pinoutconfig (category:base,tabindex:0)
2023-11-24 15:11:47,095 [INFO] PluginManage:310 - Check plugin power
2023-11-24 15:11:47,121 [INFO] PluginManage:359 - Loaded plugin power (category:power,tabindex:4)
2023-11-24 15:11:47,121 [INFO] PluginManage:310 - Check plugin projectmanager
2023-11-24 15:11:47,163 [INFO] PluginManage:359 - Loaded plugin projectmanager (category:projectmanager,tabindex:3)
2023-11-24 15:11:47,164 [INFO] PluginManage:310 - Check plugin thirdparty
2023-11-24 15:11:47,595 [WARN] IntegrityCheckThread:84 - waiting for thirdparty lock release [integrity check]
2023-11-24 15:11:47,595 [INFO] IntegrityCheckThread:86 - entering critical section [integrity check]
2023-11-24 15:11:47,596 [INFO] PluginManage:359 - Loaded plugin thirdparty (category:base,tabindex:-1)
2023-11-24 15:11:47,597 [INFO] ThirdPartyUpdaterWithRetryManager:70 - Updater plugin not ready yet. [1/15]
2023-11-24 15:11:47,597 [INFO] PluginManage:310 - Check plugin tools
2023-11-24 15:11:47,603 [INFO] PluginManage:359 - Loaded plugin tools (category:base,tabindex:7)
2023-11-24 15:11:47,604 [INFO] PluginManage:310 - Check plugin tutovideos
2023-11-24 15:11:48,236 [INFO] PluginManage:359 - Loaded plugin tutovideos (category:base,tabindex:-1)
2023-11-24 15:11:48,236 [INFO] PluginManage:310 - Check plugin updater
2023-11-24 15:11:48,260 [INFO] PluginManage:359 - Loaded plugin updater (category:base,tabindex:12)
2023-11-24 15:11:48,260 [INFO] PluginManage:310 - Check plugin userauth
2023-11-24 15:11:48,273 [INFO] UserAuth:113 - Init User Auth plugin
2023-11-24 15:11:48,273 [INFO] PluginManage:359 - Loaded plugin userauth (category:base,tabindex:14)
2023-11-24 15:11:48,284 [INFO] PluginManage:283 - PluginManage : Loaded plugins [17]
2023-11-24 15:11:48,898 [INFO] PinOutPanel:1499 - setPackage(No Configuration,No Configuration)
2023-11-24 15:11:49,171 [INFO] CADModel:165 - CPN selected for project level
2023-11-24 15:11:49,171 [INFO] CADModel:114 - Register for checkConnection events
2023-11-24 15:11:49,215 [INFO] IPUIPlugin:80 - create IPUIPlugin
2023-11-24 15:11:49,216 [INFO] PluginManager:220 - loadIPPluginJar : add adc
2023-11-24 15:11:49,223 [INFO] IPUIPlugin:80 - create IPUIPlugin
2023-11-24 15:11:49,223 [INFO] PluginManager:220 - loadIPPluginJar : add aes
2023-11-24 15:11:49,231 [INFO] IPUIPlugin:80 - create IPUIPlugin
2023-11-24 15:11:49,231 [INFO] PluginManager:220 - loadIPPluginJar : add can
2023-11-24 15:11:49,236 [INFO] IPUIPlugin:80 - create IPUIPlugin
2023-11-24 15:11:49,237 [INFO] PluginManager:220 - loadIPPluginJar : add comp
2023-11-24 15:11:49,242 [INFO] IPUIPlugin:80 - create IPUIPlugin
2023-11-24 15:11:49,242 [INFO] PluginManager:220 - loadIPPluginJar : add cryp
2023-11-24 15:11:49,251 [INFO] IPUIPlugin:80 - create IPUIPlugin
2023-11-24 15:11:49,251 [INFO] PluginManager:220 - loadIPPluginJar : add dfsdm
2023-11-24 15:11:49,265 [INFO] IPUIPlugin:80 - create IPUIPlugin
2023-11-24 15:11:49,268 [INFO] PluginManager:220 - loadIPPluginJar : add dma
2023-11-24 15:11:49,277 [INFO] IPUIPlugin:80 - create IPUIPlugin
2023-11-24 15:11:49,277 [INFO] PluginManager:220 - loadIPPluginJar : add dma3
2023-11-24 15:11:49,288 [INFO] IPUIPlugin:80 - create IPUIPlugin
2023-11-24 15:11:49,288 [INFO] PluginManager:220 - loadIPPluginJar : add fatfs
2023-11-24 15:11:49,300 [INFO] IPUIPlugin:80 - create IPUIPlugin
2023-11-24 15:11:49,300 [INFO] PluginManager:220 - loadIPPluginJar : add fmc
2023-11-24 15:11:49,326 [INFO] IPUIPlugin:80 - create IPUIPlugin
2023-11-24 15:11:49,327 [INFO] PluginManager:220 - loadIPPluginJar : add freertos
2023-11-24 15:11:49,332 [INFO] IPUIPlugin:80 - create IPUIPlugin
2023-11-24 15:11:49,332 [INFO] PluginManager:220 - loadIPPluginJar : add genericplugin
2023-11-24 15:11:49,339 [INFO] IPUIPlugin:80 - create IPUIPlugin
2023-11-24 15:11:49,339 [INFO] PluginManager:220 - loadIPPluginJar : add gfxmmu
2023-11-24 15:11:49,351 [INFO] IPUIPlugin:80 - create IPUIPlugin
2023-11-24 15:11:49,351 [INFO] PluginManager:220 - loadIPPluginJar : add gic
2023-11-24 15:11:49,362 [INFO] IPUIPlugin:80 - create IPUIPlugin
2023-11-24 15:11:49,362 [INFO] PluginManager:220 - loadIPPluginJar : add gpio
2023-11-24 15:11:49,370 [INFO] IPUIPlugin:80 - create IPUIPlugin
2023-11-24 15:11:49,370 [INFO] PluginManager:220 - loadIPPluginJar : add gtzc
2023-11-24 15:11:49,377 [INFO] IPUIPlugin:80 - create IPUIPlugin
2023-11-24 15:11:49,377 [INFO] PluginManager:220 - loadIPPluginJar : add hash
2023-11-24 15:11:49,384 [INFO] IPUIPlugin:80 - create IPUIPlugin
2023-11-24 15:11:49,386 [INFO] PluginManager:220 - loadIPPluginJar : add i2c
2023-11-24 15:11:49,391 [INFO] IPUIPlugin:80 - create IPUIPlugin
2023-11-24 15:11:49,392 [INFO] PluginManager:220 - loadIPPluginJar : add i2s
2023-11-24 15:11:49,400 [INFO] IPUIPlugin:80 - create IPUIPlugin
2023-11-24 15:11:49,400 [INFO] PluginManager:220 - loadIPPluginJar : add i3c
2023-11-24 15:11:49,423 [INFO] IPUIPlugin:80 - create IPUIPlugin
2023-11-24 15:11:49,423 [INFO] PluginManager:220 - loadIPPluginJar : add ipddr
2023-11-24 15:11:49,437 [INFO] IPUIPlugin:80 - create IPUIPlugin
2023-11-24 15:11:49,438 [INFO] PluginManager:220 - loadIPPluginJar : add linkedlist
2023-11-24 15:11:49,445 [INFO] IPUIPlugin:80 - create IPUIPlugin
2023-11-24 15:11:49,445 [INFO] PluginManager:220 - loadIPPluginJar : add lorawan
2023-11-24 15:11:49,449 [INFO] IPUIPlugin:80 - create IPUIPlugin
2023-11-24 15:11:49,450 [INFO] PluginManager:220 - loadIPPluginJar : add ltdc
2023-11-24 15:11:49,481 [INFO] IPUIPlugin:80 - create IPUIPlugin
2023-11-24 15:11:49,481 [INFO] PluginManager:220 - loadIPPluginJar : add mdma
2023-11-24 15:11:49,491 [INFO] IPUIPlugin:80 - create IPUIPlugin
2023-11-24 15:11:49,491 [INFO] PluginManager:220 - loadIPPluginJar : add nvic
2023-11-24 15:11:49,499 [INFO] IPUIPlugin:80 - create IPUIPlugin
2023-11-24 15:11:49,499 [INFO] PluginManager:220 - loadIPPluginJar : add opamp
2023-11-24 15:11:49,507 [INFO] IPUIPlugin:80 - create IPUIPlugin
2023-11-24 15:11:49,508 [INFO] PluginManager:220 - loadIPPluginJar : add openamp
2023-11-24 15:11:49,514 [INFO] IPUIPlugin:80 - create IPUIPlugin
2023-11-24 15:11:49,514 [INFO] PluginManager:220 - loadIPPluginJar : add pdm2pcm
2023-11-24 15:11:49,527 [INFO] IPUIPlugin:80 - create IPUIPlugin
2023-11-24 15:11:49,538 [INFO] PluginManager:220 - loadIPPluginJar : add plateformsettings
2023-11-24 15:11:49,542 [INFO] IPUIPlugin:80 - create IPUIPlugin
2023-11-24 15:11:49,542 [INFO] PluginManager:220 - loadIPPluginJar : add quadspi
2023-11-24 15:11:49,549 [INFO] IPUIPlugin:80 - create IPUIPlugin
2023-11-24 15:11:49,549 [INFO] PluginManager:220 - loadIPPluginJar : add resmgrutility
2023-11-24 15:11:49,556 [INFO] IPUIPlugin:80 - create IPUIPlugin
2023-11-24 15:11:49,556 [INFO] PluginManager:220 - loadIPPluginJar : add sai
2023-11-24 15:11:49,563 [INFO] IPUIPlugin:80 - create IPUIPlugin
2023-11-24 15:11:49,563 [INFO] PluginManager:220 - loadIPPluginJar : add spi
2023-11-24 15:11:49,572 [INFO] IPUIPlugin:80 - create IPUIPlugin
2023-11-24 15:11:49,573 [INFO] PluginManager:220 - loadIPPluginJar : add stm32_wpan
2023-11-24 15:11:49,578 [INFO] IPUIPlugin:80 - create IPUIPlugin
2023-11-24 15:11:49,579 [INFO] PluginManager:220 - loadIPPluginJar : add tim
2023-11-24 15:11:49,587 [INFO] IPUIPlugin:80 - create IPUIPlugin
2023-11-24 15:11:49,587 [INFO] PluginManager:220 - loadIPPluginJar : add touchsensing
2023-11-24 15:11:49,592 [INFO] IPUIPlugin:80 - create IPUIPlugin
2023-11-24 15:11:49,593 [INFO] PluginManager:220 - loadIPPluginJar : add tracer_emb
2023-11-24 15:11:49,597 [INFO] IPUIPlugin:80 - create IPUIPlugin
2023-11-24 15:11:49,597 [INFO] PluginManager:220 - loadIPPluginJar : add ts
2023-11-24 15:11:49,602 [INFO] IPUIPlugin:80 - create IPUIPlugin
2023-11-24 15:11:49,602 [INFO] PluginManager:220 - loadIPPluginJar : add tsc
2023-11-24 15:11:49,606 [INFO] IPUIPlugin:80 - create IPUIPlugin
2023-11-24 15:11:49,607 [INFO] PluginManager:220 - loadIPPluginJar : add ucpd
2023-11-24 15:11:49,615 [INFO] IPUIPlugin:80 - create IPUIPlugin
2023-11-24 15:11:49,615 [INFO] PluginManager:220 - loadIPPluginJar : add usart
2023-11-24 15:11:49,621 [INFO] IPUIPlugin:80 - create IPUIPlugin
2023-11-24 15:11:49,622 [INFO] PluginManager:220 - loadIPPluginJar : add usbx
2023-11-24 15:11:49,854 [INFO] CADModel:165 - CPN selected for project level
2023-11-24 15:11:49,854 [INFO] CADModel:114 - Register for checkConnection events
2023-11-24 15:11:49,855 [FATAL] Updater:308 - Updater called before beeing initialized
2023-11-24 15:11:49,855 [ERROR] CADModel:125 - Updater not yet initialized, retry later 
2023-11-24 15:11:50,220 [INFO] CADModel:165 - CPN selected for project level
2023-11-24 15:11:50,220 [INFO] CADModel:114 - Register for checkConnection events
2023-11-24 15:11:50,220 [FATAL] Updater:308 - Updater called before beeing initialized
2023-11-24 15:11:50,221 [ERROR] CADModel:125 - Updater not yet initialized, retry later 
2023-11-24 15:11:50,229 [FATAL] Updater:308 - Updater called before beeing initialized
2023-11-24 15:11:50,474 [FATAL] Updater:308 - Updater called before beeing initialized
2023-11-24 15:11:50,493 [INFO] DbMcusAds:53 - JSON generation date=Tue Mar 07 17:50:55 KST 2023 (1678179055335)
2023-11-24 15:11:50,493 [FATAL] Updater:308 - Updater called before beeing initialized
2023-11-24 15:11:50,589 [WARN] DetailPanel:346 - Failed to get advertising image, set to default
2023-11-24 15:11:50,598 [INFO] ThirdPartyUpdaterWithRetryManager:70 - Updater plugin not ready yet. [2/15]
2023-11-24 15:11:50,833 [FATAL] Updater:308 - Updater called before beeing initialized
2023-11-24 15:11:50,838 [FATAL] Updater:308 - Updater called before beeing initialized
2023-11-24 15:11:50,839 [FATAL] Updater:308 - Updater called before beeing initialized
2023-11-24 15:11:50,839 [WARN] DetailPanel:346 - Failed to get advertising image, set to default
2023-11-24 15:11:50,841 [FATAL] Updater:308 - Updater called before beeing initialized
2023-11-24 15:11:50,980 [ERROR] Updater:1120 - MainUpdater not yet initialized. External WinMGr cannot be set.
2023-11-24 15:11:50,987 [INFO] Updater:1056 - Updater Version found : 6.9.2
2023-11-24 15:11:51,033 [INFO] ApplicationProperties:184 - Using Application install path: C:\ST\STM32CubeIDE_1.13.2\STM32CubeIDE\plugins\com.st.stm32cube.common.mx_6.9.2.202309101412
2023-11-24 15:11:51,676 [INFO] MainUpdater:2868 - connection check result : 10
2023-11-24 15:11:51,678 [INFO] MainUpdater:285 - Updater Check For Update Now.
2023-11-24 15:11:51,679 [INFO] MicroXplorer:498 - Change Database Version : DB.6.0.92
2023-11-24 15:11:51,701 [INFO] McuFinderGlobals:63 - Set McuFinder mode to 2 (CubeIDE integrated)
2023-11-24 15:11:51,701 [INFO] UserAuth:179 - activating auth plugin
2023-11-24 15:11:51,710 [INFO] UserAuth:393 - Internet connection configuration mode: 1
2023-11-24 15:11:51,748 [INFO] JxBrowserEngine:151 - Initiate JxBrowser Engine with user profile folder
2023-11-24 15:11:51,946 [INFO] CheckServerUpdateThread:120 - End of CheckServer Thread
2023-11-24 15:11:53,635 [INFO] WebApp:157 - Instantiating new browser for Auth
2023-11-24 15:11:54,264 [WARN] PackLoader:240 - Cannot read IP mode file for STMicroelectronics.X-CUBE-SMBUS.2.1.0
2023-11-24 15:11:54,352 [WARN] PackLoader:240 - Cannot read IP mode file for STMicroelectronics.X-CUBE-AZRTOS-F7.1.1.0
2023-11-24 15:11:54,376 [WARN] PackLoader:240 - Cannot read IP mode file for STMicroelectronics.FP-SNS-MOTENV1.4.3.2
2023-11-24 15:11:54,393 [WARN] PackLoader:240 - Cannot read IP mode file for STMicroelectronics.FP-SNS-FLIGHT1.5.0.2
2023-11-24 15:11:54,414 [WARN] PackLoader:240 - Cannot read IP mode file for STMicroelectronics.X-CUBE-DISPLAY.3.0.0
2023-11-24 15:11:54,443 [WARN] PackLoader:240 - Cannot read IP mode file for STMicroelectronics.X-CUBE-BLE1.7.0.0
2023-11-24 15:11:54,456 [WARN] PackLoader:240 - Cannot read IP mode file for emotas.I-CUBE-CANOPEN.1.3.0
2023-11-24 15:11:54,479 [WARN] PackLoader:240 - Cannot read IP mode file for STMicroelectronics.X-CUBE-TOUCHGFX.4.22.1
2023-11-24 15:11:54,706 [WARN] PackLoader:240 - Cannot read IP mode file for STMicroelectronics.FP-SNS-SMARTAG2.1.2.0
2023-11-24 15:11:54,752 [INFO] LogOutputStream:77 - [STDOUT_REDIRECT] 1 : Invalid condition id : UX_CORESTACK_Condition cause : null
2023-11-24 15:11:54,753 [INFO] LogOutputStream:77 - [STDOUT_REDIRECT] 1 : Invalid condition id : UX_CORESTACK_Condition cause : null
2023-11-24 15:11:54,757 [INFO] LogOutputStream:77 - [STDOUT_REDIRECT] 1 : Invalid condition id : UX_CORESTACK_Condition cause : null
2023-11-24 15:11:54,760 [INFO] LogOutputStream:77 - [STDOUT_REDIRECT] 1 : Invalid condition id : UX_CORESTACK_Condition cause : null
2023-11-24 15:11:54,765 [INFO] LogOutputStream:77 - [STDOUT_REDIRECT] 1 : Invalid condition id : UX_CORESTACK_Condition cause : null
2023-11-24 15:11:54,773 [WARN] PackLoader:240 - Cannot read IP mode file for STMicroelectronics.X-CUBE-AZRTOS-WL.2.0.0
2023-11-24 15:11:54,800 [WARN] PackLoader:240 - Cannot read IP mode file for WES.I-CUBE-Cesium.1.3.0
2023-11-24 15:11:54,810 [WARN] PackLoader:240 - Cannot read IP mode file for STMicroelectronics.X-CUBE-BLE2.3.3.0
2023-11-24 15:11:54,824 [WARN] PackLoader:240 - Cannot read IP mode file for STMicroelectronics.X-CUBE-ALGOBUILD.1.3.0
2023-11-24 15:11:54,879 [WARN] PackLoader:240 - Cannot read IP mode file for STMicroelectronics.X-CUBE-AZRTOS-G0.1.1.0
2023-11-24 15:11:54,904 [WARN] PackLoader:240 - Cannot read IP mode file for STMicroelectronics.X-CUBE-NFC4.3.0.0
2023-11-24 15:11:54,929 [WARN] PackLoader:240 - Cannot read IP mode file for STMicroelectronics.X-CUBE-BLEMGR.3.0.0
2023-11-24 15:11:54,943 [WARN] PackLoader:240 - Cannot read IP mode file for STMicroelectronics.FP-ATR-SIGFOX1.3.2.0
2023-11-24 15:11:54,956 [WARN] PackLoader:240 - Cannot read IP mode file for STMicroelectronics.X-CUBE-GNSS1.6.0.0
2023-11-24 15:11:54,998 [WARN] PackLoader:240 - Cannot read IP mode file for STMicroelectronics.X-CUBE-AZRTOS-F4.1.1.0
2023-11-24 15:11:55,011 [WARN] PackLoader:240 - Cannot read IP mode file for wolfSSL.I-CUBE-wolfSSL.5.6.4
2023-11-24 15:11:55,050 [WARN] PackLoader:240 - Cannot read IP mode file for STMicroelectronics.X-CUBE-AZRTOS-L5.2.0.0
2023-11-24 15:11:55,078 [WARN] PackLoader:240 - Cannot read IP mode file for STMicroelectronics.X-CUBE-EEPRMA1.4.2.0
2023-11-24 15:11:55,090 [WARN] PackLoader:240 - Cannot read IP mode file for ITTIA_DB.I-CUBE-ITTIADB.8.8.0
2023-11-24 15:11:55,140 [WARN] ConditionMgr:438 - getConditionDescription Invalid condition id : UX DEVICE CLASS RTOS Condition cause : null
2023-11-24 15:11:55,141 [WARN] ConditionMgr:438 - getConditionDescription Invalid condition id : UX DEVICE CLASS RTOS Condition cause : null
2023-11-24 15:11:55,146 [WARN] PackLoader:240 - Cannot read IP mode file for STMicroelectronics.X-CUBE-AZRTOS-H7.3.1.0
2023-11-24 15:11:55,148 [WARN] ConditionMgr:1039 - genDependencies : Invalid condition id : UX DEVICE CLASS RTOS Condition cause : null
2023-11-24 15:11:55,149 [WARN] ConditionMgr:1039 - genDependencies : Invalid condition id : UX DEVICE CLASS RTOS Condition cause : null
2023-11-24 15:11:55,150 [WARN] ConditionMgr:1039 - genDependencies : Invalid condition id : UX DEVICE CLASS RTOS Condition cause : null
2023-11-24 15:11:55,152 [WARN] ConditionMgr:1039 - genDependencies : Invalid condition id : UX DEVICE CLASS RTOS Condition cause : null
2023-11-24 15:11:55,152 [WARN] ConditionMgr:1039 - genDependencies : Invalid condition id : UX DEVICE CLASS RTOS Condition cause : null
2023-11-24 15:11:55,165 [WARN] PackLoader:240 - Cannot read IP mode file for STMicroelectronics.X-CUBE-NFC7.1.0.1
2023-11-24 15:11:55,182 [WARN] PackLoader:240 - Cannot read IP mode file for STMicroelectronics.X-CUBE-NFC6.3.0.0
2023-11-24 15:11:55,194 [WARN] PackLoader:240 - Cannot read IP mode file for STMicroelectronics.X-CUBE-AI.8.1.0
2023-11-24 15:11:55,234 [WARN] ConditionMgr:438 - getConditionDescription Invalid condition id : LAN8742 Phy interface Condition cause : null
2023-11-24 15:11:55,235 [WARN] PackLoader:240 - Cannot read IP mode file for STMicroelectronics.X-CUBE-AZRTOS-L4.2.0.0
2023-11-24 15:11:55,237 [WARN] ConditionMgr:1039 - genDependencies : Invalid condition id : LAN8742 Phy interface Condition cause : null
2023-11-24 15:11:55,238 [WARN] ConditionMgr:1039 - genDependencies : Invalid condition id : LAN8742 Phy interface Condition cause : null
2023-11-24 15:11:55,239 [WARN] ConditionMgr:1039 - genDependencies : Invalid condition id : LAN8742 Phy interface Condition cause : null
2023-11-24 15:11:55,253 [WARN] PackLoader:240 - Cannot read IP mode file for STMicroelectronics.X-CUBE-SFXS2LP1.4.0.0
2023-11-24 15:11:55,262 [WARN] PackLoader:240 - Cannot read IP mode file for STMicroelectronics.X-CUBE-ISPU.1.1.0
2023-11-24 15:11:55,293 [WARN] ConditionMgr:438 - getConditionDescription Invalid condition id : UX DEVICE CLASS RTOS Condition cause : null
2023-11-24 15:11:55,294 [WARN] ConditionMgr:438 - getConditionDescription Invalid condition id : UX DEVICE CLASS RTOS Condition cause : null
2023-11-24 15:11:55,298 [WARN] PackLoader:240 - Cannot read IP mode file for STMicroelectronics.X-CUBE-AZRTOS-WB.2.0.0
2023-11-24 15:11:55,299 [WARN] ConditionMgr:1039 - genDependencies : Invalid condition id : UX DEVICE CLASS RTOS Condition cause : null
2023-11-24 15:11:55,299 [WARN] ConditionMgr:1039 - genDependencies : Invalid condition id : UX DEVICE CLASS RTOS Condition cause : null
2023-11-24 15:11:55,300 [WARN] ConditionMgr:1039 - genDependencies : Invalid condition id : UX DEVICE CLASS RTOS Condition cause : null
2023-11-24 15:11:55,300 [WARN] ConditionMgr:1039 - genDependencies : Invalid condition id : UX DEVICE CLASS RTOS Condition cause : null
2023-11-24 15:11:55,301 [WARN] ConditionMgr:1039 - genDependencies : Invalid condition id : UX DEVICE CLASS RTOS Condition cause : null
2023-11-24 15:11:55,336 [WARN] PackLoader:240 - Cannot read IP mode file for STMicroelectronics.X-CUBE-SUBG2.5.0.0
2023-11-24 15:11:55,371 [WARN] PackLoader:240 - Cannot read IP mode file for STMicroelectronics.X-CUBE-TOF1.3.3.1
2023-11-24 15:11:55,449 [WARN] PackLoader:240 - Cannot read IP mode file for STMicroelectronics.X-CUBE-AZRTOS-G4.2.0.0
2023-11-24 15:11:55,496 [WARN] PackLoader:240 - Cannot read IP mode file for Infineon.AIROC-Wi-Fi-Bluetooth-STM32.1.5.1
2023-11-24 15:11:55,516 [WARN] PackLoader:240 - Cannot read IP mode file for STMicroelectronics.FP-SNS-MOTENVWB1.1.3.0
2023-11-24 15:11:55,615 [WARN] PackLoader:240 - Cannot read IP mode file for STMicroelectronics.X-CUBE-MEMS1.10.0.0
2023-11-24 15:11:55,919 [WARN] PackLoader:240 - Cannot read IP mode file for STMicroelectronics.X-CUBE-FREERTOS.1.1.0
2023-11-24 15:11:55,928 [WARN] PackLoader:240 - Cannot read IP mode file for portGmbH.I-Cube-SoM-uGOAL.1.1.0
2023-11-24 15:11:55,937 [WARN] PackLoader:240 - Cannot read IP mode file for STMicroelectronics.X-CUBE-ALS.1.0.1
2023-11-24 15:11:55,944 [WARN] PackLoader:240 - Cannot read IP mode file for STMicroelectronics.FP-ATR-ASTRA1.2.0.0
2023-11-24 15:11:55,945 [INFO] ThirdParty:978 - Integrity check success = true
2023-11-24 15:11:55,946 [INFO] IntegrityCheckThread:100 - exiting critical section [integrity check]
2023-11-24 15:11:55,946 [INFO] IntegrityCheckThread:103 - End integrity checks thread
2023-11-24 15:11:56,213 [INFO] WebApp:753 - Register for checkConnection events
2023-11-24 15:11:56,214 [INFO] WebApp:390 - Apply proxy settings
2023-11-24 15:11:56,214 [INFO] WebApp:475 - Chromium requires no authentication
2023-11-24 15:11:56,232 [INFO] WebApp:418 - Direct internet connection detected
2023-11-24 15:11:57,076 [INFO] WebApp:188 - Starting web application
2023-11-24 15:11:57,076 [INFO] WebApp:520 - Web application path used C:\ST\STM32CubeIDE_1.13.2\STM32CubeIDE\plugins\com.st.stm32cube.common.mx_6.9.2.202309101412\db\plugins\mcufinder\reactClient1\index.html
2023-11-24 15:12:18,217 [ERROR] LogOutputStream:75 - [STDERR_REDIRECT] SLF4J: Failed to load class "org.slf4j.impl.StaticLoggerBinder".
2023-11-24 15:12:18,218 [ERROR] LogOutputStream:75 - [STDERR_REDIRECT] SLF4J: Defaulting to no-operation (NOP) logger implementation
2023-11-24 15:12:18,220 [ERROR] LogOutputStream:75 - [STDERR_REDIRECT] SLF4J: See http://www.slf4j.org/codes.html#StaticLoggerBinder for further details.
2023-11-24 15:40:54,573 [ERROR] LogOutputStream:75 - [STDERR_REDIRECT] 
2023-11-24 15:42:38,340 [INFO] Activator:176 - 


2023-11-24 15:42:38,342 [INFO] Activator:177 - !SESSION log4j initialized
2023-11-24 15:42:44,340 [INFO] LogOutputStream:77 - [STDOUT_REDIRECT] 
2023-11-24 15:42:46,897 [INFO] ApplicationProperties:184 - Using Application install path: C:\ST\STM32CubeIDE_1.13.2\STM32CubeIDE\plugins\com.st.stm32cube.common.mx_6.9.2.202309101412
2023-11-24 15:42:46,942 [INFO] DbMcusXml:78 - Set database path to: C:\ST\STM32CubeIDE_1.13.2\STM32CubeIDE\plugins\com.st.stm32cube.common.mx_6.9.2.202309101412\\db\/mcu/
2023-11-24 15:42:46,944 [INFO] ApiDb:274 - Set plugin database path to: C:\ST\STM32CubeIDE_1.13.2\STM32CubeIDE\plugins\com.st.stm32cube.common.mx_6.9.2.202309101412\\db\/plugins/boardmanager/
2023-11-24 15:42:46,944 [WARN] ApiDb:259 - Overriding images path with different value:  => C:\ST\STM32CubeIDE_1.13.2\STM32CubeIDE\plugins\com.st.stm32cube.common.mx_6.9.2.202309101412\\db\/plugins/mcufinder/images/
2023-11-24 15:42:46,980 [INFO] ApiDb:250 - Set database path to: C:\Users\mokhw\.stmcufinder\plugins\mcufinder//mcu/
2023-11-24 15:42:46,984 [INFO] DbMcusAds:125 - Set database path to: C:\Users\mokhw\.stmcufinder\plugins\mcufinder//mcu/
2023-11-24 15:42:46,993 [INFO] CrossReferenceDbSqlite:203 - Set database path to: C:\Users\mokhw\.stmcufinder\plugins\mcufinder//mcu/cs/
2023-11-24 15:42:47,496 [INFO] RulesReader:64 - Compatibility file has been processed (293 Rules)
2023-11-24 15:42:47,766 [INFO] DbMcusXml:78 - Set database path to: C:\ST\STM32CubeIDE_1.13.2\STM32CubeIDE\plugins\com.st.stm32cube.common.mx_6.9.2.202309101412\\db\/mcu/
2023-11-24 15:42:47,766 [INFO] ApiDb:274 - Set plugin database path to: C:\ST\STM32CubeIDE_1.13.2\STM32CubeIDE\plugins\com.st.stm32cube.common.mx_6.9.2.202309101412\\db\/plugins/boardmanager/
2023-11-24 15:42:47,768 [INFO] ApiDb:261 - Set plugin images path to: C:\ST\STM32CubeIDE_1.13.2\STM32CubeIDE\plugins\com.st.stm32cube.common.mx_6.9.2.202309101412\\db\/plugins/mcufinder/images/
2023-11-24 15:42:47,769 [WARN] DbFile:41 - Overriding database path with different value: C:\Users\mokhw\.stmcufinder\plugins\mcufinder/ => C:\Users\mokhw\.stmcufinder\plugins\mcufinder
2023-11-24 15:42:47,769 [INFO] ApiDb:250 - Set database path to: C:\Users\mokhw\.stmcufinder\plugins\mcufinder//mcu/
2023-11-24 15:42:47,769 [WARN] DbFile:41 - Overriding database path with different value: C:\Users\mokhw\.stmcufinder\plugins\mcufinder/ => C:\Users\mokhw\.stmcufinder\plugins\mcufinder
2023-11-24 15:42:47,769 [INFO] DbMcusAds:125 - Set database path to: C:\Users\mokhw\.stmcufinder\plugins\mcufinder//mcu/
2023-11-24 15:42:47,769 [WARN] DbFile:41 - Overriding database path with different value: C:\Users\mokhw\.stmcufinder\plugins\mcufinder/ => C:\Users\mokhw\.stmcufinder\plugins\mcufinder
2023-11-24 15:42:47,770 [WARN] DbFile:41 - Overriding database path with different value: C:\Users\mokhw\.stmcufinder\plugins\mcufinder/ => C:\Users\mokhw\.stmcufinder\plugins\mcufinder
2023-11-24 15:42:47,770 [INFO] CrossReferenceDbSqlite:203 - Set database path to: C:\Users\mokhw\.stmcufinder\plugins\mcufinder//mcu/cs/
2023-11-24 15:42:48,008 [INFO] MainPanel:262 - HeapMemory: 311427072
2023-11-24 15:42:48,315 [INFO] DbMcusXml:78 - Set database path to: C:\ST\STM32CubeIDE_1.13.2\STM32CubeIDE\plugins\com.st.stm32cube.common.mx_6.9.2.202309101412\\db\/mcu/
2023-11-24 15:42:48,315 [INFO] ApiDb:274 - Set plugin database path to: C:\ST\STM32CubeIDE_1.13.2\STM32CubeIDE\plugins\com.st.stm32cube.common.mx_6.9.2.202309101412\\db\/plugins/boardmanager/
2023-11-24 15:42:48,315 [INFO] ApiDb:261 - Set plugin images path to: C:\ST\STM32CubeIDE_1.13.2\STM32CubeIDE\plugins\com.st.stm32cube.common.mx_6.9.2.202309101412\\db\/plugins/mcufinder/images/
2023-11-24 15:42:48,317 [WARN] DbFile:41 - Overriding database path with different value: C:\Users\mokhw\.stmcufinder\plugins\mcufinder/ => C:\Users\mokhw\.stmcufinder\plugins\mcufinder
2023-11-24 15:42:48,318 [INFO] ApiDb:250 - Set database path to: C:\Users\mokhw\.stmcufinder\plugins\mcufinder//mcu/
2023-11-24 15:42:48,318 [WARN] DbFile:41 - Overriding database path with different value: C:\Users\mokhw\.stmcufinder\plugins\mcufinder/ => C:\Users\mokhw\.stmcufinder\plugins\mcufinder
2023-11-24 15:42:48,318 [INFO] DbMcusAds:125 - Set database path to: C:\Users\mokhw\.stmcufinder\plugins\mcufinder//mcu/
2023-11-24 15:42:48,319 [WARN] DbFile:41 - Overriding database path with different value: C:\Users\mokhw\.stmcufinder\plugins\mcufinder/ => C:\Users\mokhw\.stmcufinder\plugins\mcufinder
2023-11-24 15:42:48,319 [WARN] DbFile:41 - Overriding database path with different value: C:\Users\mokhw\.stmcufinder\plugins\mcufinder/ => C:\Users\mokhw\.stmcufinder\plugins\mcufinder
2023-11-24 15:42:48,319 [INFO] CrossReferenceDbSqlite:203 - Set database path to: C:\Users\mokhw\.stmcufinder\plugins\mcufinder//mcu/cs/
2023-11-24 15:42:48,376 [INFO] ApplicationProperties:184 - Using Application install path: C:\ST\STM32CubeIDE_1.13.2\STM32CubeIDE\plugins\com.st.stm32cube.common.mx_6.9.2.202309101412
2023-11-24 15:42:48,382 [INFO] PluginManage:196 - Search for loadable plugins [exclusion list=, ]
2023-11-24 15:42:48,384 [INFO] PluginManage:310 - Check plugin analytics
2023-11-24 15:42:49,020 [INFO] AnalyticsPlugin:253 - Accepted Software Licenses: STM32CubeMX.6.9.2
2023-11-24 15:42:49,022 [INFO] AnalyticsPlugin:255 - Accepted CMSIS Pack Licenses: STMicroelectronics.X-CUBE-TOUCHGFX.4.22.1
2023-11-24 15:42:49,022 [INFO] AnalyticsPlugin:257 - Accepted Firmware Licenses: FW.F7.1.17.0
2023-11-24 15:42:49,031 [INFO] PluginManage:359 - Loaded plugin analytics (category:tool,tabindex:-1)
2023-11-24 15:42:49,032 [INFO] PluginManage:310 - Check plugin cadmodel
2023-11-24 15:42:49,045 [INFO] CADModel:105 - Init CAD model plugin
2023-11-24 15:42:49,046 [INFO] PluginManage:359 - Loaded plugin cadmodel (category:power,tabindex:5)
2023-11-24 15:42:49,047 [INFO] PluginManage:310 - Check plugin clock
2023-11-24 15:42:49,082 [INFO] PluginManage:359 - Loaded plugin clock (category:base,tabindex:2)
2023-11-24 15:42:49,082 [INFO] PluginManage:310 - Check plugin ddr
2023-11-24 15:42:49,092 [INFO] PluginManage:359 - Loaded plugin ddr (category:tool,tabindex:6)
2023-11-24 15:42:49,092 [INFO] PluginManage:310 - Check plugin filemanager
2023-11-24 15:42:49,493 [INFO] PluginManage:359 - Loaded plugin filemanager (category:base,tabindex:10)
2023-11-24 15:42:49,493 [INFO] PluginManage:310 - Check plugin ipmanager
2023-11-24 15:42:49,510 [INFO] PluginManage:359 - Loaded plugin ipmanager (category:base,tabindex:5)
2023-11-24 15:42:49,510 [INFO] PluginManage:310 - Check plugin lpbam
2023-11-24 15:42:49,531 [INFO] PluginManage:359 - Loaded plugin lpbam (category:base,tabindex:0)
2023-11-24 15:42:49,531 [INFO] PluginManage:310 - Check plugin memorymap
2023-11-24 15:42:49,578 [INFO] PluginManage:359 - Loaded plugin memorymap (category:base,tabindex:4)
2023-11-24 15:42:49,578 [INFO] PluginManage:310 - Check plugin pinoutandconfiguration
2023-11-24 15:42:49,622 [INFO] PluginManage:359 - Loaded plugin pinoutandconfiguration (category:base,tabindex:1)
2023-11-24 15:42:49,622 [INFO] PluginManage:310 - Check plugin pinoutconfig
2023-11-24 15:42:49,945 [WARN] SupportedApi:132 - Cannot load RTOS API schema: s4s-elt-must-match.1: The content of 'definitions' must match (annotation?, (simpleType | complexType)?, (unique | key | keyref)*)). A problem was found starting at: attribute.
2023-11-24 15:42:50,521 [INFO] PluginManage:359 - Loaded plugin pinoutconfig (category:base,tabindex:0)
2023-11-24 15:42:50,522 [INFO] PluginManage:310 - Check plugin power
2023-11-24 15:42:50,547 [INFO] PluginManage:359 - Loaded plugin power (category:power,tabindex:4)
2023-11-24 15:42:50,548 [INFO] PluginManage:310 - Check plugin projectmanager
2023-11-24 15:42:50,585 [INFO] PluginManage:359 - Loaded plugin projectmanager (category:projectmanager,tabindex:3)
2023-11-24 15:42:50,586 [INFO] PluginManage:310 - Check plugin thirdparty
2023-11-24 15:42:51,110 [WARN] IntegrityCheckThread:84 - waiting for thirdparty lock release [integrity check]
2023-11-24 15:42:51,111 [INFO] IntegrityCheckThread:86 - entering critical section [integrity check]
2023-11-24 15:42:51,113 [INFO] ThirdPartyUpdaterWithRetryManager:70 - Updater plugin not ready yet. [1/15]
2023-11-24 15:42:51,115 [INFO] PluginManage:359 - Loaded plugin thirdparty (category:base,tabindex:-1)
2023-11-24 15:42:51,117 [INFO] PluginManage:310 - Check plugin tools
2023-11-24 15:42:51,123 [INFO] PluginManage:359 - Loaded plugin tools (category:base,tabindex:7)
2023-11-24 15:42:51,124 [INFO] PluginManage:310 - Check plugin tutovideos
2023-11-24 15:42:51,839 [INFO] PluginManage:359 - Loaded plugin tutovideos (category:base,tabindex:-1)
2023-11-24 15:42:51,839 [INFO] PluginManage:310 - Check plugin updater
2023-11-24 15:42:51,864 [INFO] PluginManage:359 - Loaded plugin updater (category:base,tabindex:12)
2023-11-24 15:42:51,865 [INFO] PluginManage:310 - Check plugin userauth
2023-11-24 15:42:51,878 [INFO] UserAuth:113 - Init User Auth plugin
2023-11-24 15:42:51,879 [INFO] PluginManage:359 - Loaded plugin userauth (category:base,tabindex:14)
2023-11-24 15:42:51,881 [INFO] PluginManage:283 - PluginManage : Loaded plugins [17]
2023-11-24 15:42:52,494 [INFO] PinOutPanel:1499 - setPackage(No Configuration,No Configuration)
2023-11-24 15:42:52,738 [INFO] CADModel:165 - CPN selected for project level
2023-11-24 15:42:52,739 [INFO] CADModel:114 - Register for checkConnection events
2023-11-24 15:42:52,777 [INFO] IPUIPlugin:80 - create IPUIPlugin
2023-11-24 15:42:52,777 [INFO] PluginManager:220 - loadIPPluginJar : add adc
2023-11-24 15:42:52,784 [INFO] IPUIPlugin:80 - create IPUIPlugin
2023-11-24 15:42:52,785 [INFO] PluginManager:220 - loadIPPluginJar : add aes
2023-11-24 15:42:52,793 [INFO] IPUIPlugin:80 - create IPUIPlugin
2023-11-24 15:42:52,793 [INFO] PluginManager:220 - loadIPPluginJar : add can
2023-11-24 15:42:52,797 [INFO] IPUIPlugin:80 - create IPUIPlugin
2023-11-24 15:42:52,797 [INFO] PluginManager:220 - loadIPPluginJar : add comp
2023-11-24 15:42:52,803 [INFO] IPUIPlugin:80 - create IPUIPlugin
2023-11-24 15:42:52,803 [INFO] PluginManager:220 - loadIPPluginJar : add cryp
2023-11-24 15:42:52,808 [INFO] IPUIPlugin:80 - create IPUIPlugin
2023-11-24 15:42:52,810 [INFO] PluginManager:220 - loadIPPluginJar : add dfsdm
2023-11-24 15:42:52,820 [INFO] IPUIPlugin:80 - create IPUIPlugin
2023-11-24 15:42:52,822 [INFO] PluginManager:220 - loadIPPluginJar : add dma
2023-11-24 15:42:52,827 [INFO] IPUIPlugin:80 - create IPUIPlugin
2023-11-24 15:42:52,828 [INFO] PluginManager:220 - loadIPPluginJar : add dma3
2023-11-24 15:42:52,832 [INFO] IPUIPlugin:80 - create IPUIPlugin
2023-11-24 15:42:52,833 [INFO] PluginManager:220 - loadIPPluginJar : add fatfs
2023-11-24 15:42:52,843 [INFO] IPUIPlugin:80 - create IPUIPlugin
2023-11-24 15:42:52,844 [INFO] PluginManager:220 - loadIPPluginJar : add fmc
2023-11-24 15:42:52,858 [INFO] IPUIPlugin:80 - create IPUIPlugin
2023-11-24 15:42:52,859 [INFO] PluginManager:220 - loadIPPluginJar : add freertos
2023-11-24 15:42:52,864 [INFO] IPUIPlugin:80 - create IPUIPlugin
2023-11-24 15:42:52,864 [INFO] PluginManager:220 - loadIPPluginJar : add genericplugin
2023-11-24 15:42:52,869 [INFO] IPUIPlugin:80 - create IPUIPlugin
2023-11-24 15:42:52,870 [INFO] PluginManager:220 - loadIPPluginJar : add gfxmmu
2023-11-24 15:42:52,879 [INFO] IPUIPlugin:80 - create IPUIPlugin
2023-11-24 15:42:52,881 [INFO] PluginManager:220 - loadIPPluginJar : add gic
2023-11-24 15:42:52,889 [INFO] IPUIPlugin:80 - create IPUIPlugin
2023-11-24 15:42:52,889 [INFO] PluginManager:220 - loadIPPluginJar : add gpio
2023-11-24 15:42:52,894 [INFO] IPUIPlugin:80 - create IPUIPlugin
2023-11-24 15:42:52,895 [INFO] PluginManager:220 - loadIPPluginJar : add gtzc
2023-11-24 15:42:52,900 [INFO] IPUIPlugin:80 - create IPUIPlugin
2023-11-24 15:42:52,900 [INFO] PluginManager:220 - loadIPPluginJar : add hash
2023-11-24 15:42:52,906 [INFO] IPUIPlugin:80 - create IPUIPlugin
2023-11-24 15:42:52,907 [INFO] PluginManager:220 - loadIPPluginJar : add i2c
2023-11-24 15:42:52,914 [INFO] IPUIPlugin:80 - create IPUIPlugin
2023-11-24 15:42:52,914 [INFO] PluginManager:220 - loadIPPluginJar : add i2s
2023-11-24 15:42:52,920 [INFO] IPUIPlugin:80 - create IPUIPlugin
2023-11-24 15:42:52,921 [INFO] PluginManager:220 - loadIPPluginJar : add i3c
2023-11-24 15:42:52,929 [INFO] IPUIPlugin:80 - create IPUIPlugin
2023-11-24 15:42:52,929 [INFO] PluginManager:220 - loadIPPluginJar : add ipddr
2023-11-24 15:42:52,943 [INFO] IPUIPlugin:80 - create IPUIPlugin
2023-11-24 15:42:52,944 [INFO] PluginManager:220 - loadIPPluginJar : add linkedlist
2023-11-24 15:42:52,951 [INFO] IPUIPlugin:80 - create IPUIPlugin
2023-11-24 15:42:52,951 [INFO] PluginManager:220 - loadIPPluginJar : add lorawan
2023-11-24 15:42:52,956 [INFO] IPUIPlugin:80 - create IPUIPlugin
2023-11-24 15:42:52,956 [INFO] PluginManager:220 - loadIPPluginJar : add ltdc
2023-11-24 15:42:52,970 [INFO] IPUIPlugin:80 - create IPUIPlugin
2023-11-24 15:42:52,971 [INFO] PluginManager:220 - loadIPPluginJar : add mdma
2023-11-24 15:42:52,979 [INFO] IPUIPlugin:80 - create IPUIPlugin
2023-11-24 15:42:52,979 [INFO] PluginManager:220 - loadIPPluginJar : add nvic
2023-11-24 15:42:52,986 [INFO] IPUIPlugin:80 - create IPUIPlugin
2023-11-24 15:42:52,987 [INFO] PluginManager:220 - loadIPPluginJar : add opamp
2023-11-24 15:42:52,993 [INFO] IPUIPlugin:80 - create IPUIPlugin
2023-11-24 15:42:52,993 [INFO] PluginManager:220 - loadIPPluginJar : add openamp
2023-11-24 15:42:53,001 [INFO] IPUIPlugin:80 - create IPUIPlugin
2023-11-24 15:42:53,002 [INFO] PluginManager:220 - loadIPPluginJar : add pdm2pcm
2023-11-24 15:42:53,015 [INFO] IPUIPlugin:80 - create IPUIPlugin
2023-11-24 15:42:53,026 [INFO] PluginManager:220 - loadIPPluginJar : add plateformsettings
2023-11-24 15:42:53,031 [INFO] IPUIPlugin:80 - create IPUIPlugin
2023-11-24 15:42:53,031 [INFO] PluginManager:220 - loadIPPluginJar : add quadspi
2023-11-24 15:42:53,039 [INFO] IPUIPlugin:80 - create IPUIPlugin
2023-11-24 15:42:53,039 [INFO] PluginManager:220 - loadIPPluginJar : add resmgrutility
2023-11-24 15:42:53,046 [INFO] IPUIPlugin:80 - create IPUIPlugin
2023-11-24 15:42:53,046 [INFO] PluginManager:220 - loadIPPluginJar : add sai
2023-11-24 15:42:53,052 [INFO] IPUIPlugin:80 - create IPUIPlugin
2023-11-24 15:42:53,052 [INFO] PluginManager:220 - loadIPPluginJar : add spi
2023-11-24 15:42:53,062 [INFO] IPUIPlugin:80 - create IPUIPlugin
2023-11-24 15:42:53,063 [INFO] PluginManager:220 - loadIPPluginJar : add stm32_wpan
2023-11-24 15:42:53,068 [INFO] IPUIPlugin:80 - create IPUIPlugin
2023-11-24 15:42:53,068 [INFO] PluginManager:220 - loadIPPluginJar : add tim
2023-11-24 15:42:53,076 [INFO] IPUIPlugin:80 - create IPUIPlugin
2023-11-24 15:42:53,076 [INFO] PluginManager:220 - loadIPPluginJar : add touchsensing
2023-11-24 15:42:53,083 [INFO] IPUIPlugin:80 - create IPUIPlugin
2023-11-24 15:42:53,084 [INFO] PluginManager:220 - loadIPPluginJar : add tracer_emb
2023-11-24 15:42:53,088 [INFO] IPUIPlugin:80 - create IPUIPlugin
2023-11-24 15:42:53,090 [INFO] PluginManager:220 - loadIPPluginJar : add ts
2023-11-24 15:42:53,094 [INFO] IPUIPlugin:80 - create IPUIPlugin
2023-11-24 15:42:53,095 [INFO] PluginManager:220 - loadIPPluginJar : add tsc
2023-11-24 15:42:53,099 [INFO] IPUIPlugin:80 - create IPUIPlugin
2023-11-24 15:42:53,099 [INFO] PluginManager:220 - loadIPPluginJar : add ucpd
2023-11-24 15:42:53,105 [INFO] IPUIPlugin:80 - create IPUIPlugin
2023-11-24 15:42:53,106 [INFO] PluginManager:220 - loadIPPluginJar : add usart
2023-11-24 15:42:53,122 [INFO] IPUIPlugin:80 - create IPUIPlugin
2023-11-24 15:42:53,123 [INFO] PluginManager:220 - loadIPPluginJar : add usbx
2023-11-24 15:42:53,316 [INFO] CADModel:165 - CPN selected for project level
2023-11-24 15:42:53,318 [INFO] CADModel:114 - Register for checkConnection events
2023-11-24 15:42:53,318 [FATAL] Updater:308 - Updater called before beeing initialized
2023-11-24 15:42:53,319 [ERROR] CADModel:125 - Updater not yet initialized, retry later 
2023-11-24 15:42:53,659 [INFO] CADModel:165 - CPN selected for project level
2023-11-24 15:42:53,659 [INFO] CADModel:114 - Register for checkConnection events
2023-11-24 15:42:53,660 [FATAL] Updater:308 - Updater called before beeing initialized
2023-11-24 15:42:53,660 [ERROR] CADModel:125 - Updater not yet initialized, retry later 
2023-11-24 15:42:53,667 [FATAL] Updater:308 - Updater called before beeing initialized
2023-11-24 15:42:53,883 [FATAL] Updater:308 - Updater called before beeing initialized
2023-11-24 15:42:53,902 [INFO] DbMcusAds:53 - JSON generation date=Tue Mar 07 17:50:55 KST 2023 (1678179055335)
2023-11-24 15:42:53,902 [FATAL] Updater:308 - Updater called before beeing initialized
2023-11-24 15:42:53,984 [WARN] DetailPanel:346 - Failed to get advertising image, set to default
2023-11-24 15:42:54,116 [INFO] ThirdPartyUpdaterWithRetryManager:70 - Updater plugin not ready yet. [2/15]
2023-11-24 15:42:54,289 [FATAL] Updater:308 - Updater called before beeing initialized
2023-11-24 15:42:54,299 [FATAL] Updater:308 - Updater called before beeing initialized
2023-11-24 15:42:54,300 [FATAL] Updater:308 - Updater called before beeing initialized
2023-11-24 15:42:54,300 [WARN] DetailPanel:346 - Failed to get advertising image, set to default
2023-11-24 15:42:54,302 [FATAL] Updater:308 - Updater called before beeing initialized
2023-11-24 15:42:54,445 [ERROR] Updater:1120 - MainUpdater not yet initialized. External WinMGr cannot be set.
2023-11-24 15:42:54,453 [INFO] Updater:1056 - Updater Version found : 6.9.2
2023-11-24 15:42:54,511 [INFO] ApplicationProperties:184 - Using Application install path: C:\ST\STM32CubeIDE_1.13.2\STM32CubeIDE\plugins\com.st.stm32cube.common.mx_6.9.2.202309101412
2023-11-24 15:42:55,201 [INFO] MainUpdater:2868 - connection check result : 10
2023-11-24 15:42:55,203 [INFO] MainUpdater:285 - Updater Check For Update Now.
2023-11-24 15:42:55,204 [INFO] MicroXplorer:498 - Change Database Version : DB.6.0.92
2023-11-24 15:42:55,226 [INFO] McuFinderGlobals:63 - Set McuFinder mode to 2 (CubeIDE integrated)
2023-11-24 15:42:55,226 [INFO] UserAuth:179 - activating auth plugin
2023-11-24 15:42:55,233 [INFO] UserAuth:393 - Internet connection configuration mode: 1
2023-11-24 15:42:55,285 [INFO] JxBrowserEngine:151 - Initiate JxBrowser Engine with user profile folder
2023-11-24 15:42:55,425 [INFO] CheckServerUpdateThread:120 - End of CheckServer Thread
2023-11-24 15:42:57,440 [INFO] WebApp:157 - Instantiating new browser for Auth
2023-11-24 15:42:57,483 [WARN] PackLoader:240 - Cannot read IP mode file for STMicroelectronics.X-CUBE-SMBUS.2.1.0
2023-11-24 15:42:57,783 [WARN] PackLoader:240 - Cannot read IP mode file for STMicroelectronics.X-CUBE-AZRTOS-F7.1.1.0
2023-11-24 15:42:57,815 [WARN] PackLoader:240 - Cannot read IP mode file for STMicroelectronics.FP-SNS-MOTENV1.4.3.2
2023-11-24 15:42:57,828 [WARN] PackLoader:240 - Cannot read IP mode file for STMicroelectronics.FP-SNS-FLIGHT1.5.0.2
2023-11-24 15:42:57,847 [WARN] PackLoader:240 - Cannot read IP mode file for STMicroelectronics.X-CUBE-DISPLAY.3.0.0
2023-11-24 15:42:57,883 [WARN] PackLoader:240 - Cannot read IP mode file for STMicroelectronics.X-CUBE-BLE1.7.0.0
2023-11-24 15:42:57,893 [WARN] PackLoader:240 - Cannot read IP mode file for emotas.I-CUBE-CANOPEN.1.3.0
2023-11-24 15:42:57,907 [WARN] PackLoader:240 - Cannot read IP mode file for STMicroelectronics.X-CUBE-TOUCHGFX.4.22.1
2023-11-24 15:42:58,111 [WARN] PackLoader:240 - Cannot read IP mode file for STMicroelectronics.FP-SNS-SMARTAG2.1.2.0
2023-11-24 15:42:58,142 [INFO] LogOutputStream:77 - [STDOUT_REDIRECT] 1 : Invalid condition id : UX_CORESTACK_Condition cause : null
2023-11-24 15:42:58,143 [INFO] LogOutputStream:77 - [STDOUT_REDIRECT] 1 : Invalid condition id : UX_CORESTACK_Condition cause : null
2023-11-24 15:42:58,147 [INFO] LogOutputStream:77 - [STDOUT_REDIRECT] 1 : Invalid condition id : UX_CORESTACK_Condition cause : null
2023-11-24 15:42:58,150 [INFO] LogOutputStream:77 - [STDOUT_REDIRECT] 1 : Invalid condition id : UX_CORESTACK_Condition cause : null
2023-11-24 15:42:58,153 [INFO] LogOutputStream:77 - [STDOUT_REDIRECT] 1 : Invalid condition id : UX_CORESTACK_Condition cause : null
2023-11-24 15:42:58,162 [WARN] PackLoader:240 - Cannot read IP mode file for STMicroelectronics.X-CUBE-AZRTOS-WL.2.0.0
2023-11-24 15:42:58,181 [WARN] PackLoader:240 - Cannot read IP mode file for WES.I-CUBE-Cesium.1.3.0
2023-11-24 15:42:58,189 [WARN] PackLoader:240 - Cannot read IP mode file for STMicroelectronics.X-CUBE-BLE2.3.3.0
2023-11-24 15:42:58,202 [WARN] PackLoader:240 - Cannot read IP mode file for STMicroelectronics.X-CUBE-ALGOBUILD.1.3.0
2023-11-24 15:42:58,242 [WARN] PackLoader:240 - Cannot read IP mode file for STMicroelectronics.X-CUBE-AZRTOS-G0.1.1.0
2023-11-24 15:42:58,253 [WARN] PackLoader:240 - Cannot read IP mode file for STMicroelectronics.X-CUBE-NFC4.3.0.0
2023-11-24 15:42:58,280 [WARN] PackLoader:240 - Cannot read IP mode file for STMicroelectronics.X-CUBE-BLEMGR.3.0.0
2023-11-24 15:42:58,290 [WARN] PackLoader:240 - Cannot read IP mode file for STMicroelectronics.FP-ATR-SIGFOX1.3.2.0
2023-11-24 15:42:58,298 [WARN] PackLoader:240 - Cannot read IP mode file for STMicroelectronics.X-CUBE-GNSS1.6.0.0
2023-11-24 15:42:58,323 [WARN] PackLoader:240 - Cannot read IP mode file for STMicroelectronics.X-CUBE-AZRTOS-F4.1.1.0
2023-11-24 15:42:58,332 [WARN] PackLoader:240 - Cannot read IP mode file for wolfSSL.I-CUBE-wolfSSL.5.6.4
2023-11-24 15:42:58,358 [WARN] PackLoader:240 - Cannot read IP mode file for STMicroelectronics.X-CUBE-AZRTOS-L5.2.0.0
2023-11-24 15:42:58,373 [WARN] PackLoader:240 - Cannot read IP mode file for STMicroelectronics.X-CUBE-EEPRMA1.4.2.0
2023-11-24 15:42:58,382 [WARN] PackLoader:240 - Cannot read IP mode file for ITTIA_DB.I-CUBE-ITTIADB.8.8.0
2023-11-24 15:42:58,404 [WARN] ConditionMgr:438 - getConditionDescription Invalid condition id : UX DEVICE CLASS RTOS Condition cause : null
2023-11-24 15:42:58,405 [WARN] ConditionMgr:438 - getConditionDescription Invalid condition id : UX DEVICE CLASS RTOS Condition cause : null
2023-11-24 15:42:58,409 [WARN] PackLoader:240 - Cannot read IP mode file for STMicroelectronics.X-CUBE-AZRTOS-H7.3.1.0
2023-11-24 15:42:58,412 [WARN] ConditionMgr:1039 - genDependencies : Invalid condition id : UX DEVICE CLASS RTOS Condition cause : null
2023-11-24 15:42:58,412 [WARN] ConditionMgr:1039 - genDependencies : Invalid condition id : UX DEVICE CLASS RTOS Condition cause : null
2023-11-24 15:42:58,413 [WARN] ConditionMgr:1039 - genDependencies : Invalid condition id : UX DEVICE CLASS RTOS Condition cause : null
2023-11-24 15:42:58,414 [WARN] ConditionMgr:1039 - genDependencies : Invalid condition id : UX DEVICE CLASS RTOS Condition cause : null
2023-11-24 15:42:58,414 [WARN] ConditionMgr:1039 - genDependencies : Invalid condition id : UX DEVICE CLASS RTOS Condition cause : null
2023-11-24 15:42:58,421 [WARN] PackLoader:240 - Cannot read IP mode file for STMicroelectronics.X-CUBE-NFC7.1.0.1
2023-11-24 15:42:58,431 [WARN] PackLoader:240 - Cannot read IP mode file for STMicroelectronics.X-CUBE-NFC6.3.0.0
2023-11-24 15:42:58,437 [WARN] PackLoader:240 - Cannot read IP mode file for STMicroelectronics.X-CUBE-AI.8.1.0
2023-11-24 15:42:58,457 [WARN] ConditionMgr:438 - getConditionDescription Invalid condition id : LAN8742 Phy interface Condition cause : null
2023-11-24 15:42:58,459 [WARN] PackLoader:240 - Cannot read IP mode file for STMicroelectronics.X-CUBE-AZRTOS-L4.2.0.0
2023-11-24 15:42:58,460 [WARN] ConditionMgr:1039 - genDependencies : Invalid condition id : LAN8742 Phy interface Condition cause : null
2023-11-24 15:42:58,461 [WARN] ConditionMgr:1039 - genDependencies : Invalid condition id : LAN8742 Phy interface Condition cause : null
2023-11-24 15:42:58,461 [WARN] ConditionMgr:1039 - genDependencies : Invalid condition id : LAN8742 Phy interface Condition cause : null
2023-11-24 15:42:58,470 [WARN] PackLoader:240 - Cannot read IP mode file for STMicroelectronics.X-CUBE-SFXS2LP1.4.0.0
2023-11-24 15:42:58,475 [WARN] PackLoader:240 - Cannot read IP mode file for STMicroelectronics.X-CUBE-ISPU.1.1.0
2023-11-24 15:42:58,500 [WARN] ConditionMgr:438 - getConditionDescription Invalid condition id : UX DEVICE CLASS RTOS Condition cause : null
2023-11-24 15:42:58,501 [WARN] ConditionMgr:438 - getConditionDescription Invalid condition id : UX DEVICE CLASS RTOS Condition cause : null
2023-11-24 15:42:58,503 [WARN] PackLoader:240 - Cannot read IP mode file for STMicroelectronics.X-CUBE-AZRTOS-WB.2.0.0
2023-11-24 15:42:58,504 [WARN] ConditionMgr:1039 - genDependencies : Invalid condition id : UX DEVICE CLASS RTOS Condition cause : null
2023-11-24 15:42:58,504 [WARN] ConditionMgr:1039 - genDependencies : Invalid condition id : UX DEVICE CLASS RTOS Condition cause : null
2023-11-24 15:42:58,504 [WARN] ConditionMgr:1039 - genDependencies : Invalid condition id : UX DEVICE CLASS RTOS Condition cause : null
2023-11-24 15:42:58,504 [WARN] ConditionMgr:1039 - genDependencies : Invalid condition id : UX DEVICE CLASS RTOS Condition cause : null
2023-11-24 15:42:58,505 [WARN] ConditionMgr:1039 - genDependencies : Invalid condition id : UX DEVICE CLASS RTOS Condition cause : null
2023-11-24 15:42:58,517 [WARN] PackLoader:240 - Cannot read IP mode file for STMicroelectronics.X-CUBE-SUBG2.5.0.0
2023-11-24 15:42:58,533 [WARN] PackLoader:240 - Cannot read IP mode file for STMicroelectronics.X-CUBE-TOF1.3.3.1
2023-11-24 15:42:58,564 [WARN] PackLoader:240 - Cannot read IP mode file for STMicroelectronics.X-CUBE-AZRTOS-G4.2.0.0
2023-11-24 15:42:58,584 [WARN] PackLoader:240 - Cannot read IP mode file for Infineon.AIROC-Wi-Fi-Bluetooth-STM32.1.5.1
2023-11-24 15:42:58,600 [WARN] PackLoader:240 - Cannot read IP mode file for STMicroelectronics.FP-SNS-MOTENVWB1.1.3.0
2023-11-24 15:42:58,657 [WARN] PackLoader:240 - Cannot read IP mode file for STMicroelectronics.X-CUBE-MEMS1.10.0.0
2023-11-24 15:42:59,046 [WARN] PackLoader:240 - Cannot read IP mode file for STMicroelectronics.X-CUBE-FREERTOS.1.1.0
2023-11-24 15:42:59,056 [WARN] PackLoader:240 - Cannot read IP mode file for portGmbH.I-Cube-SoM-uGOAL.1.1.0
2023-11-24 15:42:59,065 [WARN] PackLoader:240 - Cannot read IP mode file for STMicroelectronics.X-CUBE-ALS.1.0.1
2023-11-24 15:42:59,073 [WARN] PackLoader:240 - Cannot read IP mode file for STMicroelectronics.FP-ATR-ASTRA1.2.0.0
2023-11-24 15:42:59,075 [INFO] ThirdParty:978 - Integrity check success = true
2023-11-24 15:42:59,075 [INFO] IntegrityCheckThread:100 - exiting critical section [integrity check]
2023-11-24 15:42:59,076 [INFO] IntegrityCheckThread:103 - End integrity checks thread
2023-11-24 15:43:00,166 [INFO] WebApp:753 - Register for checkConnection events
2023-11-24 15:43:00,166 [INFO] WebApp:390 - Apply proxy settings
2023-11-24 15:43:00,167 [INFO] WebApp:475 - Chromium requires no authentication
2023-11-24 15:43:00,231 [INFO] WebApp:418 - Direct internet connection detected
2023-11-24 15:43:01,259 [INFO] WebApp:188 - Starting web application
2023-11-24 15:43:01,259 [INFO] WebApp:520 - Web application path used C:\ST\STM32CubeIDE_1.13.2\STM32CubeIDE\plugins\com.st.stm32cube.common.mx_6.9.2.202309101412\db\plugins\mcufinder\reactClient1\index.html
2023-11-24 15:43:22,329 [ERROR] LogOutputStream:75 - [STDERR_REDIRECT] SLF4J: Failed to load class "org.slf4j.impl.StaticLoggerBinder".
2023-11-24 15:43:22,329 [ERROR] LogOutputStream:75 - [STDERR_REDIRECT] SLF4J: Defaulting to no-operation (NOP) logger implementation
2023-11-24 15:43:22,331 [ERROR] LogOutputStream:75 - [STDERR_REDIRECT] SLF4J: See http://www.slf4j.org/codes.html#StaticLoggerBinder for further details.
2023-11-24 15:44:08,259 [INFO] LogOutputStream:77 - [STDOUT_REDIRECT] Unexpected error loading extension: org.eclipse.equinox.p2.metadata.repository.simpleRepository
2023-11-24 15:44:08,266 [ERROR] LogOutputStream:75 - [STDERR_REDIRECT] java.lang.NullPointerException: Cannot enter synchronized block because "this.browseFileTransferProtocolMap" is null
2023-11-24 15:44:08,271 [ERROR] LogOutputStream:75 - [STDERR_REDIRECT] 	at org.eclipse.ecf.internal.provider.filetransfer.Activator.getBrowseFileTransfer(Activator.java:633)
2023-11-24 15:44:08,277 [ERROR] LogOutputStream:75 - [STDERR_REDIRECT] 	at org.eclipse.ecf.provider.filetransfer.browse.MultiProtocolFileSystemBrowserAdapter.sendBrowseRequest(MultiProtocolFileSystemBrowserAdapter.java:81)
2023-11-24 15:44:08,284 [ERROR] LogOutputStream:75 - [STDERR_REDIRECT] 	at org.eclipse.equinox.internal.p2.transport.ecf.FileInfoReader.sendBrowseRequest(FileInfoReader.java:184)
2023-11-24 15:44:08,290 [ERROR] LogOutputStream:75 - [STDERR_REDIRECT] 	at org.eclipse.equinox.internal.p2.transport.ecf.FileInfoReader.getRemoteFiles(FileInfoReader.java:109)
2023-11-24 15:44:08,294 [ERROR] LogOutputStream:75 - [STDERR_REDIRECT] 	at org.eclipse.equinox.internal.p2.transport.ecf.FileInfoReader.getRemoteFile(FileInfoReader.java:125)
2023-11-24 15:44:08,299 [ERROR] LogOutputStream:75 - [STDERR_REDIRECT] 	at org.eclipse.equinox.internal.p2.transport.ecf.FileInfoReader.getLastModified(FileInfoReader.java:130)
2023-11-24 15:44:08,304 [ERROR] LogOutputStream:75 - [STDERR_REDIRECT] 	at org.eclipse.equinox.internal.p2.transport.ecf.RepositoryTransport.getLastModified(RepositoryTransport.java:244)
2023-11-24 15:44:08,307 [ERROR] LogOutputStream:75 - [STDERR_REDIRECT] 	at org.eclipse.equinox.internal.p2.repository.CacheManager.getLastModified(CacheManager.java:289)
2023-11-24 15:44:08,314 [ERROR] LogOutputStream:75 - [STDERR_REDIRECT] 	at org.eclipse.equinox.internal.p2.repository.CacheManager.createCache(CacheManager.java:234)
2023-11-24 15:44:08,321 [ERROR] LogOutputStream:75 - [STDERR_REDIRECT] 	at org.eclipse.equinox.internal.p2.metadata.repository.SimpleMetadataRepositoryFactory.getLocalFile(SimpleMetadataRepositoryFactory.java:69)
2023-11-24 15:44:08,326 [ERROR] LogOutputStream:75 - [STDERR_REDIRECT] 	at org.eclipse.equinox.internal.p2.metadata.repository.SimpleMetadataRepositoryFactory.load(SimpleMetadataRepositoryFactory.java:89)
2023-11-24 15:44:08,333 [ERROR] LogOutputStream:75 - [STDERR_REDIRECT] 	at org.eclipse.equinox.internal.p2.metadata.repository.MetadataRepositoryManager.factoryLoad(MetadataRepositoryManager.java:63)
2023-11-24 15:44:08,339 [ERROR] LogOutputStream:75 - [STDERR_REDIRECT] 	at org.eclipse.equinox.internal.p2.repository.helpers.AbstractRepositoryManager.loadRepository(AbstractRepositoryManager.java:787)
